2023-01-29 10:50:27,375 [Worker-2: Loading available Gradle versions] INFO  o.e.b.c.i.u.g.PublishedGradleVersions - Gradle version information cache is up-to-date. Trying to read.
2023-01-29 10:50:54,300 [Worker-3: Updating Maven Dependencies] INFO  o.e.m.c.i.l.LifecycleMappingFactory - Using org.eclipse.m2e.jdt.JarLifecycleMapping lifecycle mapping for MavenProject: com.ontimize:tunelPostgresqlApiRest-boot:1.0.0-SNAPSHOT @ C:\Users\Usuario\Desktop\html_public\FCT_DAW\003_Backend_postgresql\tunelApiRest_postgresql\tunelPostgresqlApiRest-boot\pom.xml.
2023-01-29 10:50:57,769 [Worker-3: Updating Maven Dependencies] INFO  o.e.m.c.i.p.WorkspaceClassifierResolverManager - Resolving P/tunelPostgresqlApiRest-api: com.ontimize:tunelPostgresqlApiRest-api:1.0.0-SNAPSHOT with classifier  to /tunelPostgresqlApiRest-api/target/classes
2023-01-29 10:50:57,857 [Worker-3: Updating Maven Dependencies] INFO  o.e.m.c.i.p.WorkspaceClassifierResolverManager - Resolving P/tunelPostgresqlApiRest-model: com.ontimize:tunelPostgresqlApiRest-model:1.0.0-SNAPSHOT with classifier  to /tunelPostgresqlApiRest-model/target/classes
2023-01-29 10:50:57,877 [Worker-3: Updating Maven Dependencies] INFO  o.e.m.c.i.p.WorkspaceClassifierResolverManager - Resolving P/tunelPostgresqlApiRest-ws: com.ontimize:tunelPostgresqlApiRest-ws:1.0.0-SNAPSHOT with classifier  to /tunelPostgresqlApiRest-ws/target/classes
2023-01-29 10:50:57,989 [Worker-3: Updating Maven Dependencies] INFO  o.e.m.c.i.l.LifecycleMappingFactory - Using NULL lifecycle mapping for MavenProject: com.ontimize:tunelPostgresqlApiRest:1.0.0-SNAPSHOT @ C:\Users\Usuario\Desktop\html_public\FCT_DAW\003_Backend_postgresql\tunelApiRest_postgresql\pom.xml.
2023-01-29 10:50:58,244 [Worker-3: Updating Maven Dependencies] INFO  o.e.m.c.i.l.LifecycleMappingFactory - Using org.eclipse.m2e.jdt.JarLifecycleMapping lifecycle mapping for MavenProject: com.ontimize:tunelPostgresqlApiRest-ws:1.0.0-SNAPSHOT @ C:\Users\Usuario\Desktop\html_public\FCT_DAW\003_Backend_postgresql\tunelApiRest_postgresql\tunelPostgresqlApiRest-ws\pom.xml.
2023-01-29 10:50:58,278 [Worker-3: Updating Maven Dependencies] INFO  o.e.m.c.i.p.WorkspaceClassifierResolverManager - Resolving P/tunelPostgresqlApiRest-model: com.ontimize:tunelPostgresqlApiRest-model:1.0.0-SNAPSHOT with classifier  to /tunelPostgresqlApiRest-model/target/classes
2023-01-29 10:50:58,279 [Worker-3: Updating Maven Dependencies] INFO  o.e.m.c.i.p.WorkspaceClassifierResolverManager - Resolving P/tunelPostgresqlApiRest-api: com.ontimize:tunelPostgresqlApiRest-api:1.0.0-SNAPSHOT with classifier  to /tunelPostgresqlApiRest-api/target/classes
2023-01-29 10:50:58,489 [Worker-3: Updating Maven Dependencies] INFO  o.e.m.c.i.l.LifecycleMappingFactory - Using org.eclipse.m2e.jdt.JarLifecycleMapping lifecycle mapping for MavenProject: com.ontimize:tunelPostgresqlApiRest-model:1.0.0-SNAPSHOT @ C:\Users\Usuario\Desktop\html_public\FCT_DAW\003_Backend_postgresql\tunelApiRest_postgresql\tunelPostgresqlApiRest-model\pom.xml.
2023-01-29 10:50:58,626 [Worker-3: Updating Maven Dependencies] INFO  o.e.m.c.i.p.WorkspaceClassifierResolverManager - Resolving P/tunelPostgresqlApiRest-api: com.ontimize:tunelPostgresqlApiRest-api:1.0.0-SNAPSHOT with classifier  to /tunelPostgresqlApiRest-api/target/classes
2023-01-29 10:50:58,829 [Worker-3: Updating Maven Dependencies] INFO  o.e.m.c.i.l.LifecycleMappingFactory - Using org.eclipse.m2e.jdt.JarLifecycleMapping lifecycle mapping for MavenProject: com.ontimize:tunelPostgresqlApiRest-api:1.0.0-SNAPSHOT @ C:\Users\Usuario\Desktop\html_public\FCT_DAW\003_Backend_postgresql\tunelApiRest_postgresql\tunelPostgresqlApiRest-api\pom.xml.
2023-01-29 10:50:58,994 [Worker-3: Updating Maven Dependencies] INFO  o.e.m.c.i.l.LifecycleMappingFactory - Using org.eclipse.m2e.jdt.JarLifecycleMapping lifecycle mapping for MavenProject: com.ontimize:tunelPostgresqlApiRest-boot:1.0.0-SNAPSHOT @ C:\Users\Usuario\Desktop\html_public\FCT_DAW\003_Backend_postgresql\tunelApiRest_postgresql\tunelPostgresqlApiRest-boot\pom.xml.
2023-01-29 10:50:59,052 [Worker-3: Updating Maven Dependencies] INFO  o.e.m.c.i.p.WorkspaceClassifierResolverManager - Resolving P/tunelPostgresqlApiRest-api: com.ontimize:tunelPostgresqlApiRest-api:1.0.0-SNAPSHOT with classifier  to /tunelPostgresqlApiRest-api/target/classes
2023-01-29 10:50:59,061 [Worker-3: Updating Maven Dependencies] INFO  o.e.m.c.i.p.WorkspaceClassifierResolverManager - Resolving P/tunelPostgresqlApiRest-model: com.ontimize:tunelPostgresqlApiRest-model:1.0.0-SNAPSHOT with classifier  to /tunelPostgresqlApiRest-model/target/classes
2023-01-29 10:50:59,071 [Worker-3: Updating Maven Dependencies] INFO  o.e.m.c.i.p.WorkspaceClassifierResolverManager - Resolving P/tunelPostgresqlApiRest-ws: com.ontimize:tunelPostgresqlApiRest-ws:1.0.0-SNAPSHOT with classifier  to /tunelPostgresqlApiRest-ws/target/classes
2023-01-29 10:50:59,196 [Worker-3: Updating Maven Dependencies] INFO  o.e.m.c.i.l.LifecycleMappingFactory - Using org.eclipse.m2e.jdt.JarLifecycleMapping lifecycle mapping for MavenProject: com.ontimize:tunelPostgresqlApiRest-ws:1.0.0-SNAPSHOT @ C:\Users\Usuario\Desktop\html_public\FCT_DAW\003_Backend_postgresql\tunelApiRest_postgresql\tunelPostgresqlApiRest-ws\pom.xml.
2023-01-29 10:50:59,223 [Worker-3: Updating Maven Dependencies] INFO  o.e.m.c.i.p.WorkspaceClassifierResolverManager - Resolving P/tunelPostgresqlApiRest-model: com.ontimize:tunelPostgresqlApiRest-model:1.0.0-SNAPSHOT with classifier  to /tunelPostgresqlApiRest-model/target/classes
2023-01-29 10:50:59,223 [Worker-3: Updating Maven Dependencies] INFO  o.e.m.c.i.p.WorkspaceClassifierResolverManager - Resolving P/tunelPostgresqlApiRest-api: com.ontimize:tunelPostgresqlApiRest-api:1.0.0-SNAPSHOT with classifier  to /tunelPostgresqlApiRest-api/target/classes
2023-01-29 10:50:59,413 [Worker-3: Updating Maven Dependencies] INFO  o.e.m.c.i.l.LifecycleMappingFactory - Using org.eclipse.m2e.jdt.JarLifecycleMapping lifecycle mapping for MavenProject: com.ontimize:tunelPostgresqlApiRest-model:1.0.0-SNAPSHOT @ C:\Users\Usuario\Desktop\html_public\FCT_DAW\003_Backend_postgresql\tunelApiRest_postgresql\tunelPostgresqlApiRest-model\pom.xml.
2023-01-29 10:50:59,429 [Worker-3: Updating Maven Dependencies] INFO  o.e.m.c.i.p.WorkspaceClassifierResolverManager - Resolving P/tunelPostgresqlApiRest-api: com.ontimize:tunelPostgresqlApiRest-api:1.0.0-SNAPSHOT with classifier  to /tunelPostgresqlApiRest-api/target/classes
2023-01-29 10:50:59,589 [Worker-3: Updating Maven Dependencies] INFO  o.e.m.c.i.l.LifecycleMappingFactory - Using org.eclipse.m2e.jdt.JarLifecycleMapping lifecycle mapping for MavenProject: com.ontimize:tunelPostgresqlApiRest-boot:1.0.0-SNAPSHOT @ C:\Users\Usuario\Desktop\html_public\FCT_DAW\003_Backend_postgresql\tunelApiRest_postgresql\tunelPostgresqlApiRest-boot\pom.xml.
2023-01-29 10:50:59,615 [Worker-3: Updating Maven Dependencies] INFO  o.e.m.c.i.p.WorkspaceClassifierResolverManager - Resolving P/tunelPostgresqlApiRest-api: com.ontimize:tunelPostgresqlApiRest-api:1.0.0-SNAPSHOT with classifier  to /tunelPostgresqlApiRest-api/target/classes
2023-01-29 10:50:59,627 [Worker-3: Updating Maven Dependencies] INFO  o.e.m.c.i.p.WorkspaceClassifierResolverManager - Resolving P/tunelPostgresqlApiRest-model: com.ontimize:tunelPostgresqlApiRest-model:1.0.0-SNAPSHOT with classifier  to /tunelPostgresqlApiRest-model/target/classes
2023-01-29 10:50:59,646 [Worker-3: Updating Maven Dependencies] INFO  o.e.m.c.i.p.WorkspaceClassifierResolverManager - Resolving P/tunelPostgresqlApiRest-ws: com.ontimize:tunelPostgresqlApiRest-ws:1.0.0-SNAPSHOT with classifier  to /tunelPostgresqlApiRest-ws/target/classes
2023-01-29 10:50:59,800 [Worker-3: Updating Maven Dependencies] INFO  o.e.m.c.i.l.LifecycleMappingFactory - Using org.eclipse.m2e.jdt.JarLifecycleMapping lifecycle mapping for MavenProject: com.ontimize:tunelPostgresqlApiRest-ws:1.0.0-SNAPSHOT @ C:\Users\Usuario\Desktop\html_public\FCT_DAW\003_Backend_postgresql\tunelApiRest_postgresql\tunelPostgresqlApiRest-ws\pom.xml.
2023-01-29 10:50:59,837 [Worker-3: Updating Maven Dependencies] INFO  o.e.m.c.i.p.WorkspaceClassifierResolverManager - Resolving P/tunelPostgresqlApiRest-model: com.ontimize:tunelPostgresqlApiRest-model:1.0.0-SNAPSHOT with classifier  to /tunelPostgresqlApiRest-model/target/classes
2023-01-29 10:50:59,838 [Worker-3: Updating Maven Dependencies] INFO  o.e.m.c.i.p.WorkspaceClassifierResolverManager - Resolving P/tunelPostgresqlApiRest-api: com.ontimize:tunelPostgresqlApiRest-api:1.0.0-SNAPSHOT with classifier  to /tunelPostgresqlApiRest-api/target/classes
2023-01-29 10:51:00,012 [Worker-3: Updating Maven Dependencies] INFO  o.e.m.c.i.l.LifecycleMappingFactory - Using org.eclipse.m2e.jdt.JarLifecycleMapping lifecycle mapping for MavenProject: com.ontimize:tunelPostgresqlApiRest-boot:1.0.0-SNAPSHOT @ C:\Users\Usuario\Desktop\html_public\FCT_DAW\003_Backend_postgresql\tunelApiRest_postgresql\tunelPostgresqlApiRest-boot\pom.xml.
2023-01-29 10:51:00,050 [Worker-3: Updating Maven Dependencies] INFO  o.e.m.c.i.p.WorkspaceClassifierResolverManager - Resolving P/tunelPostgresqlApiRest-api: com.ontimize:tunelPostgresqlApiRest-api:1.0.0-SNAPSHOT with classifier  to /tunelPostgresqlApiRest-api/target/classes
2023-01-29 10:51:00,061 [Worker-3: Updating Maven Dependencies] INFO  o.e.m.c.i.p.WorkspaceClassifierResolverManager - Resolving P/tunelPostgresqlApiRest-model: com.ontimize:tunelPostgresqlApiRest-model:1.0.0-SNAPSHOT with classifier  to /tunelPostgresqlApiRest-model/target/classes
2023-01-29 10:51:00,079 [Worker-3: Updating Maven Dependencies] INFO  o.e.m.c.i.p.WorkspaceClassifierResolverManager - Resolving P/tunelPostgresqlApiRest-ws: com.ontimize:tunelPostgresqlApiRest-ws:1.0.0-SNAPSHOT with classifier  to /tunelPostgresqlApiRest-ws/target/classes
2023-01-29 10:51:07,560 [Worker-7: Updating Maven Project] INFO  o.e.m.c.i.p.ProjectConfigurationManager - Update started
2023-01-29 10:51:10,215 [Worker-7: Updating Maven Project] INFO  o.e.m.c.i.l.LifecycleMappingFactory - Using org.eclipse.m2e.jdt.JarLifecycleMapping lifecycle mapping for MavenProject: com.ontimize:tunelPostgresqlApiRest-boot:1.0.0-SNAPSHOT @ C:\Users\Usuario\Desktop\html_public\FCT_DAW\003_Backend_postgresql\tunelApiRest_postgresql\tunelPostgresqlApiRest-boot\pom.xml.
2023-01-29 10:51:11,813 [Worker-7: Updating Maven Project] INFO  o.e.m.c.i.p.WorkspaceClassifierResolverManager - Resolving P/tunelPostgresqlApiRest-api: com.ontimize:tunelPostgresqlApiRest-api:1.0.0-SNAPSHOT with classifier  to /tunelPostgresqlApiRest-api/target/classes
2023-01-29 10:51:11,886 [Worker-7: Updating Maven Project] INFO  o.e.m.c.i.p.WorkspaceClassifierResolverManager - Resolving P/tunelPostgresqlApiRest-model: com.ontimize:tunelPostgresqlApiRest-model:1.0.0-SNAPSHOT with classifier  to /tunelPostgresqlApiRest-model/target/classes
2023-01-29 10:51:11,918 [Worker-7: Updating Maven Project] INFO  o.e.m.c.i.p.WorkspaceClassifierResolverManager - Resolving P/tunelPostgresqlApiRest-ws: com.ontimize:tunelPostgresqlApiRest-ws:1.0.0-SNAPSHOT with classifier  to /tunelPostgresqlApiRest-ws/target/classes
2023-01-29 10:51:21,841 [Worker-7: Updating Maven Project] INFO  o.e.m.j.i.AbstractJavaProjectConfigurator - Adding source folder /tunelPostgresqlApiRest-boot/src/main/java
2023-01-29 10:51:21,847 [Worker-7: Updating Maven Project] INFO  o.e.m.j.i.AbstractJavaProjectConfigurator - Adding resource folder /tunelPostgresqlApiRest-boot/src/main/resources
2023-01-29 10:51:21,848 [Worker-7: Updating Maven Project] INFO  o.e.m.j.i.AbstractJavaProjectConfigurator - Adding resource folder /tunelPostgresqlApiRest-boot/src/main/resources
2023-01-29 10:51:21,854 [Worker-7: Updating Maven Project] INFO  o.e.m.j.i.AbstractJavaProjectConfigurator - Adding source folder /tunelPostgresqlApiRest-boot/src/test/java
2023-01-29 10:51:24,386 [Worker-7: Updating Maven Project] INFO  o.e.m.c.i.p.ProjectConfigurationManager - Update completed for 1 poms: local refresh takes 0,00 sec, refresh facades takes 5,00 sec, update config takes 10,00 sec 
2023-01-29 10:51:24,404 [Worker-6: Updating Maven Project] INFO  o.e.m.c.i.p.ProjectConfigurationManager - Update started
2023-01-29 10:51:26,968 [Worker-6: Updating Maven Project] INFO  o.e.m.c.i.l.LifecycleMappingFactory - Using org.eclipse.m2e.jdt.JarLifecycleMapping lifecycle mapping for MavenProject: com.ontimize:tunelPostgresqlApiRest-boot:1.0.0-SNAPSHOT @ C:\Users\Usuario\Desktop\html_public\FCT_DAW\003_Backend_postgresql\tunelApiRest_postgresql\tunelPostgresqlApiRest-boot\pom.xml.
2023-01-29 10:51:28,454 [Worker-6: Updating Maven Project] INFO  o.e.m.c.i.p.WorkspaceClassifierResolverManager - Resolving P/tunelPostgresqlApiRest-api: com.ontimize:tunelPostgresqlApiRest-api:1.0.0-SNAPSHOT with classifier  to /tunelPostgresqlApiRest-api/target/classes
2023-01-29 10:51:28,467 [Worker-6: Updating Maven Project] INFO  o.e.m.c.i.p.WorkspaceClassifierResolverManager - Resolving P/tunelPostgresqlApiRest-model: com.ontimize:tunelPostgresqlApiRest-model:1.0.0-SNAPSHOT with classifier  to /tunelPostgresqlApiRest-model/target/classes
2023-01-29 10:51:28,563 [Worker-6: Updating Maven Project] INFO  o.e.m.c.i.p.WorkspaceClassifierResolverManager - Resolving P/tunelPostgresqlApiRest-ws: com.ontimize:tunelPostgresqlApiRest-ws:1.0.0-SNAPSHOT with classifier  to /tunelPostgresqlApiRest-ws/target/classes
2023-01-29 10:51:30,412 [Worker-6: Updating Maven Project] INFO  o.e.m.j.i.AbstractJavaProjectConfigurator - Adding source folder /tunelPostgresqlApiRest-boot/src/main/java
2023-01-29 10:51:30,417 [Worker-6: Updating Maven Project] INFO  o.e.m.j.i.AbstractJavaProjectConfigurator - Adding resource folder /tunelPostgresqlApiRest-boot/src/main/resources
2023-01-29 10:51:30,424 [Worker-6: Updating Maven Project] INFO  o.e.m.j.i.AbstractJavaProjectConfigurator - Adding resource folder /tunelPostgresqlApiRest-boot/src/main/resources
2023-01-29 10:51:30,426 [Worker-6: Updating Maven Project] INFO  o.e.m.j.i.AbstractJavaProjectConfigurator - Adding source folder /tunelPostgresqlApiRest-boot/src/test/java
2023-01-29 10:51:31,677 [Worker-6: Updating Maven Project] INFO  o.e.m.c.i.p.ProjectConfigurationManager - Update completed for 1 poms: local refresh takes 0,00 sec, refresh facades takes 5,00 sec, update config takes 1,00 sec 
2023-01-29 10:51:31,694 [Worker-0: Updating Maven Project] INFO  o.e.m.c.i.p.ProjectConfigurationManager - Update started
2023-01-29 10:51:34,263 [Worker-0: Updating Maven Project] INFO  o.e.m.c.i.l.LifecycleMappingFactory - Using org.eclipse.m2e.jdt.JarLifecycleMapping lifecycle mapping for MavenProject: com.ontimize:tunelPostgresqlApiRest-boot:1.0.0-SNAPSHOT @ C:\Users\Usuario\Desktop\html_public\FCT_DAW\003_Backend_postgresql\tunelApiRest_postgresql\tunelPostgresqlApiRest-boot\pom.xml.
2023-01-29 10:51:35,192 [Worker-0: Updating Maven Project] INFO  o.e.m.c.i.p.WorkspaceClassifierResolverManager - Resolving P/tunelPostgresqlApiRest-api: com.ontimize:tunelPostgresqlApiRest-api:1.0.0-SNAPSHOT with classifier  to /tunelPostgresqlApiRest-api/target/classes
2023-01-29 10:51:35,205 [Worker-0: Updating Maven Project] INFO  o.e.m.c.i.p.WorkspaceClassifierResolverManager - Resolving P/tunelPostgresqlApiRest-model: com.ontimize:tunelPostgresqlApiRest-model:1.0.0-SNAPSHOT with classifier  to /tunelPostgresqlApiRest-model/target/classes
2023-01-29 10:51:35,223 [Worker-0: Updating Maven Project] INFO  o.e.m.c.i.p.WorkspaceClassifierResolverManager - Resolving P/tunelPostgresqlApiRest-ws: com.ontimize:tunelPostgresqlApiRest-ws:1.0.0-SNAPSHOT with classifier  to /tunelPostgresqlApiRest-ws/target/classes
2023-01-29 10:51:36,538 [Worker-0: Updating Maven Project] INFO  o.e.m.j.i.AbstractJavaProjectConfigurator - Adding source folder /tunelPostgresqlApiRest-boot/src/main/java
2023-01-29 10:51:36,539 [Worker-0: Updating Maven Project] INFO  o.e.m.j.i.AbstractJavaProjectConfigurator - Adding resource folder /tunelPostgresqlApiRest-boot/src/main/resources
2023-01-29 10:51:36,540 [Worker-0: Updating Maven Project] INFO  o.e.m.j.i.AbstractJavaProjectConfigurator - Adding resource folder /tunelPostgresqlApiRest-boot/src/main/resources
2023-01-29 10:51:36,541 [Worker-0: Updating Maven Project] INFO  o.e.m.j.i.AbstractJavaProjectConfigurator - Adding source folder /tunelPostgresqlApiRest-boot/src/test/java
2023-01-29 10:51:37,826 [Worker-0: Updating Maven Project] INFO  o.e.m.c.i.p.ProjectConfigurationManager - Update completed for 1 poms: local refresh takes 0,00 sec, refresh facades takes 4,00 sec, update config takes 1,00 sec 
2023-01-29 10:51:37,875 [Worker-13: Updating Maven Project] INFO  o.e.m.c.i.p.ProjectConfigurationManager - Update started
2023-01-29 10:51:40,365 [Worker-13: Updating Maven Project] INFO  o.e.m.c.i.l.LifecycleMappingFactory - Using org.eclipse.m2e.jdt.JarLifecycleMapping lifecycle mapping for MavenProject: com.ontimize:tunelPostgresqlApiRest-boot:1.0.0-SNAPSHOT @ C:\Users\Usuario\Desktop\html_public\FCT_DAW\003_Backend_postgresql\tunelApiRest_postgresql\tunelPostgresqlApiRest-boot\pom.xml.
2023-01-29 10:51:41,380 [Worker-13: Updating Maven Project] INFO  o.e.m.c.i.p.WorkspaceClassifierResolverManager - Resolving P/tunelPostgresqlApiRest-api: com.ontimize:tunelPostgresqlApiRest-api:1.0.0-SNAPSHOT with classifier  to /tunelPostgresqlApiRest-api/target/classes
2023-01-29 10:51:41,398 [Worker-13: Updating Maven Project] INFO  o.e.m.c.i.p.WorkspaceClassifierResolverManager - Resolving P/tunelPostgresqlApiRest-model: com.ontimize:tunelPostgresqlApiRest-model:1.0.0-SNAPSHOT with classifier  to /tunelPostgresqlApiRest-model/target/classes
2023-01-29 10:51:41,484 [Worker-13: Updating Maven Project] INFO  o.e.m.c.i.p.WorkspaceClassifierResolverManager - Resolving P/tunelPostgresqlApiRest-ws: com.ontimize:tunelPostgresqlApiRest-ws:1.0.0-SNAPSHOT with classifier  to /tunelPostgresqlApiRest-ws/target/classes
2023-01-29 10:51:44,088 [Worker-13: Updating Maven Project] INFO  o.e.m.j.i.AbstractJavaProjectConfigurator - Adding source folder /tunelPostgresqlApiRest-boot/src/main/java
2023-01-29 10:51:44,090 [Worker-13: Updating Maven Project] INFO  o.e.m.j.i.AbstractJavaProjectConfigurator - Adding resource folder /tunelPostgresqlApiRest-boot/src/main/resources
2023-01-29 10:51:44,091 [Worker-13: Updating Maven Project] INFO  o.e.m.j.i.AbstractJavaProjectConfigurator - Adding resource folder /tunelPostgresqlApiRest-boot/src/main/resources
2023-01-29 10:51:44,092 [Worker-13: Updating Maven Project] INFO  o.e.m.j.i.AbstractJavaProjectConfigurator - Adding source folder /tunelPostgresqlApiRest-boot/src/test/java
2023-01-29 10:51:44,954 [Worker-13: Updating Maven Project] INFO  o.e.m.c.i.p.ProjectConfigurationManager - Update completed for 1 poms: local refresh takes 0,00 sec, refresh facades takes 5,00 sec, update config takes 1,00 sec 
2023-01-29 10:51:44,969 [Worker-13: Updating Maven Project] INFO  o.e.m.c.i.p.ProjectConfigurationManager - Update started
2023-01-29 10:51:46,509 [Worker-13: Updating Maven Project] INFO  o.e.m.c.i.l.LifecycleMappingFactory - Using org.eclipse.m2e.jdt.JarLifecycleMapping lifecycle mapping for MavenProject: com.ontimize:tunelPostgresqlApiRest-ws:1.0.0-SNAPSHOT @ C:\Users\Usuario\Desktop\html_public\FCT_DAW\003_Backend_postgresql\tunelApiRest_postgresql\tunelPostgresqlApiRest-ws\pom.xml.
2023-01-29 10:51:47,141 [Worker-13: Updating Maven Project] INFO  o.e.m.c.i.p.WorkspaceClassifierResolverManager - Resolving P/tunelPostgresqlApiRest-model: com.ontimize:tunelPostgresqlApiRest-model:1.0.0-SNAPSHOT with classifier  to /tunelPostgresqlApiRest-model/target/classes
2023-01-29 10:51:47,142 [Worker-13: Updating Maven Project] INFO  o.e.m.c.i.p.WorkspaceClassifierResolverManager - Resolving P/tunelPostgresqlApiRest-api: com.ontimize:tunelPostgresqlApiRest-api:1.0.0-SNAPSHOT with classifier  to /tunelPostgresqlApiRest-api/target/classes
2023-01-29 10:51:48,064 [Worker-13: Updating Maven Project] INFO  o.e.m.j.i.AbstractJavaProjectConfigurator - Adding source folder /tunelPostgresqlApiRest-ws/src/main/java
2023-01-29 10:51:48,065 [Worker-13: Updating Maven Project] INFO  o.e.m.j.i.AbstractJavaProjectConfigurator - Adding source folder /tunelPostgresqlApiRest-ws/src/test/java
2023-01-29 10:51:49,934 [Worker-13: Updating Maven Project] INFO  o.e.m.c.i.p.ProjectConfigurationManager - Update completed for 1 poms: local refresh takes 0,00 sec, refresh facades takes 3,00 sec, update config takes 1,00 sec 
2023-01-29 10:51:49,948 [Worker-10: Updating Maven Project] INFO  o.e.m.c.i.p.ProjectConfigurationManager - Update started
2023-01-29 10:51:51,814 [Worker-10: Updating Maven Project] INFO  o.e.m.c.i.l.LifecycleMappingFactory - Using org.eclipse.m2e.jdt.JarLifecycleMapping lifecycle mapping for MavenProject: com.ontimize:tunelPostgresqlApiRest-ws:1.0.0-SNAPSHOT @ C:\Users\Usuario\Desktop\html_public\FCT_DAW\003_Backend_postgresql\tunelApiRest_postgresql\tunelPostgresqlApiRest-ws\pom.xml.
2023-01-29 10:51:52,539 [Worker-10: Updating Maven Project] INFO  o.e.m.c.i.p.WorkspaceClassifierResolverManager - Resolving P/tunelPostgresqlApiRest-model: com.ontimize:tunelPostgresqlApiRest-model:1.0.0-SNAPSHOT with classifier  to /tunelPostgresqlApiRest-model/target/classes
2023-01-29 10:51:52,539 [Worker-10: Updating Maven Project] INFO  o.e.m.c.i.p.WorkspaceClassifierResolverManager - Resolving P/tunelPostgresqlApiRest-api: com.ontimize:tunelPostgresqlApiRest-api:1.0.0-SNAPSHOT with classifier  to /tunelPostgresqlApiRest-api/target/classes
2023-01-29 10:51:54,288 [Worker-10: Updating Maven Project] INFO  o.e.m.j.i.AbstractJavaProjectConfigurator - Adding source folder /tunelPostgresqlApiRest-ws/src/main/java
2023-01-29 10:51:54,290 [Worker-10: Updating Maven Project] INFO  o.e.m.j.i.AbstractJavaProjectConfigurator - Adding source folder /tunelPostgresqlApiRest-ws/src/test/java
2023-01-29 10:51:55,358 [Worker-10: Updating Maven Project] INFO  o.e.m.c.i.p.ProjectConfigurationManager - Update completed for 1 poms: local refresh takes 0,00 sec, refresh facades takes 4,00 sec, update config takes 0,00 sec 
2023-01-29 10:51:55,376 [Worker-1: Updating Maven Project] INFO  o.e.m.c.i.p.ProjectConfigurationManager - Update started
2023-01-29 10:51:57,451 [Worker-1: Updating Maven Project] INFO  o.e.m.c.i.l.LifecycleMappingFactory - Using org.eclipse.m2e.jdt.JarLifecycleMapping lifecycle mapping for MavenProject: com.ontimize:tunelPostgresqlApiRest-ws:1.0.0-SNAPSHOT @ C:\Users\Usuario\Desktop\html_public\FCT_DAW\003_Backend_postgresql\tunelApiRest_postgresql\tunelPostgresqlApiRest-ws\pom.xml.
2023-01-29 10:52:00,142 [Worker-1: Updating Maven Project] INFO  o.e.m.c.i.p.WorkspaceClassifierResolverManager - Resolving P/tunelPostgresqlApiRest-model: com.ontimize:tunelPostgresqlApiRest-model:1.0.0-SNAPSHOT with classifier  to /tunelPostgresqlApiRest-model/target/classes
2023-01-29 10:52:00,143 [Worker-1: Updating Maven Project] INFO  o.e.m.c.i.p.WorkspaceClassifierResolverManager - Resolving P/tunelPostgresqlApiRest-api: com.ontimize:tunelPostgresqlApiRest-api:1.0.0-SNAPSHOT with classifier  to /tunelPostgresqlApiRest-api/target/classes
2023-01-29 10:52:01,081 [Worker-1: Updating Maven Project] INFO  o.e.m.j.i.AbstractJavaProjectConfigurator - Adding source folder /tunelPostgresqlApiRest-ws/src/main/java
2023-01-29 10:52:01,084 [Worker-1: Updating Maven Project] INFO  o.e.m.j.i.AbstractJavaProjectConfigurator - Adding source folder /tunelPostgresqlApiRest-ws/src/test/java
2023-01-29 10:52:03,094 [Worker-1: Updating Maven Project] INFO  o.e.m.c.i.p.ProjectConfigurationManager - Update completed for 1 poms: local refresh takes 0,00 sec, refresh facades takes 5,00 sec, update config takes 1,00 sec 
2023-01-29 10:52:03,126 [Worker-11: Updating Maven Project] INFO  o.e.m.c.i.p.ProjectConfigurationManager - Update started
2023-01-29 10:52:06,594 [Worker-11: Updating Maven Project] INFO  o.e.m.c.i.l.LifecycleMappingFactory - Using org.eclipse.m2e.jdt.JarLifecycleMapping lifecycle mapping for MavenProject: com.ontimize:tunelPostgresqlApiRest-ws:1.0.0-SNAPSHOT @ C:\Users\Usuario\Desktop\html_public\FCT_DAW\003_Backend_postgresql\tunelApiRest_postgresql\tunelPostgresqlApiRest-ws\pom.xml.
2023-01-29 10:52:07,592 [Worker-11: Updating Maven Project] INFO  o.e.m.c.i.p.WorkspaceClassifierResolverManager - Resolving P/tunelPostgresqlApiRest-model: com.ontimize:tunelPostgresqlApiRest-model:1.0.0-SNAPSHOT with classifier  to /tunelPostgresqlApiRest-model/target/classes
2023-01-29 10:52:07,592 [Worker-11: Updating Maven Project] INFO  o.e.m.c.i.p.WorkspaceClassifierResolverManager - Resolving P/tunelPostgresqlApiRest-api: com.ontimize:tunelPostgresqlApiRest-api:1.0.0-SNAPSHOT with classifier  to /tunelPostgresqlApiRest-api/target/classes
2023-01-29 10:52:08,498 [Worker-11: Updating Maven Project] INFO  o.e.m.j.i.AbstractJavaProjectConfigurator - Adding source folder /tunelPostgresqlApiRest-ws/src/main/java
2023-01-29 10:52:08,499 [Worker-11: Updating Maven Project] INFO  o.e.m.j.i.AbstractJavaProjectConfigurator - Adding source folder /tunelPostgresqlApiRest-ws/src/test/java
2023-01-29 10:52:09,515 [Worker-11: Updating Maven Project] INFO  o.e.m.c.i.p.ProjectConfigurationManager - Update completed for 1 poms: local refresh takes 0,00 sec, refresh facades takes 5,00 sec, update config takes 0,00 sec 
2023-01-29 10:52:09,529 [Worker-7: Updating Maven Project] INFO  o.e.m.c.i.p.ProjectConfigurationManager - Update started
2023-01-29 10:52:10,772 [Worker-7: Updating Maven Project] INFO  o.e.m.c.i.l.LifecycleMappingFactory - Using org.eclipse.m2e.jdt.JarLifecycleMapping lifecycle mapping for MavenProject: com.ontimize:tunelPostgresqlApiRest-model:1.0.0-SNAPSHOT @ C:\Users\Usuario\Desktop\html_public\FCT_DAW\003_Backend_postgresql\tunelApiRest_postgresql\tunelPostgresqlApiRest-model\pom.xml.
2023-01-29 10:52:11,322 [Worker-7: Updating Maven Project] INFO  o.e.m.c.i.p.WorkspaceClassifierResolverManager - Resolving P/tunelPostgresqlApiRest-api: com.ontimize:tunelPostgresqlApiRest-api:1.0.0-SNAPSHOT with classifier  to /tunelPostgresqlApiRest-api/target/classes
2023-01-29 10:52:11,998 [Worker-7: Updating Maven Project] INFO  o.e.m.j.i.AbstractJavaProjectConfigurator - Adding source folder /tunelPostgresqlApiRest-model/src/main/java
2023-01-29 10:52:11,999 [Worker-7: Updating Maven Project] INFO  o.e.m.j.i.AbstractJavaProjectConfigurator - Adding resource folder /tunelPostgresqlApiRest-model/src/main/resources
2023-01-29 10:52:12,000 [Worker-7: Updating Maven Project] INFO  o.e.m.j.i.AbstractJavaProjectConfigurator - Adding resource folder /tunelPostgresqlApiRest-model/src/main/resources
2023-01-29 10:52:12,002 [Worker-7: Updating Maven Project] INFO  o.e.m.j.i.AbstractJavaProjectConfigurator - Adding source folder /tunelPostgresqlApiRest-model/src/test/java
2023-01-29 10:52:12,700 [Worker-7: Updating Maven Project] INFO  o.e.m.c.i.p.ProjectConfigurationManager - Update completed for 1 poms: local refresh takes 0,00 sec, refresh facades takes 2,00 sec, update config takes 0,00 sec 
2023-01-29 10:52:12,718 [Worker-7: Updating Maven Project] INFO  o.e.m.c.i.p.ProjectConfigurationManager - Update started
2023-01-29 10:52:14,034 [Worker-7: Updating Maven Project] INFO  o.e.m.c.i.l.LifecycleMappingFactory - Using org.eclipse.m2e.jdt.JarLifecycleMapping lifecycle mapping for MavenProject: com.ontimize:tunelPostgresqlApiRest-model:1.0.0-SNAPSHOT @ C:\Users\Usuario\Desktop\html_public\FCT_DAW\003_Backend_postgresql\tunelApiRest_postgresql\tunelPostgresqlApiRest-model\pom.xml.
2023-01-29 10:52:14,449 [Worker-7: Updating Maven Project] INFO  o.e.m.c.i.p.WorkspaceClassifierResolverManager - Resolving P/tunelPostgresqlApiRest-api: com.ontimize:tunelPostgresqlApiRest-api:1.0.0-SNAPSHOT with classifier  to /tunelPostgresqlApiRest-api/target/classes
2023-01-29 10:52:15,050 [Worker-7: Updating Maven Project] INFO  o.e.m.j.i.AbstractJavaProjectConfigurator - Adding source folder /tunelPostgresqlApiRest-model/src/main/java
2023-01-29 10:52:15,052 [Worker-7: Updating Maven Project] INFO  o.e.m.j.i.AbstractJavaProjectConfigurator - Adding resource folder /tunelPostgresqlApiRest-model/src/main/resources
2023-01-29 10:52:15,054 [Worker-7: Updating Maven Project] INFO  o.e.m.j.i.AbstractJavaProjectConfigurator - Adding resource folder /tunelPostgresqlApiRest-model/src/main/resources
2023-01-29 10:52:15,055 [Worker-7: Updating Maven Project] INFO  o.e.m.j.i.AbstractJavaProjectConfigurator - Adding source folder /tunelPostgresqlApiRest-model/src/test/java
2023-01-29 10:52:15,601 [Worker-7: Updating Maven Project] INFO  o.e.m.c.i.p.ProjectConfigurationManager - Update completed for 1 poms: local refresh takes 0,00 sec, refresh facades takes 2,00 sec, update config takes 0,00 sec 
2023-01-29 10:52:15,621 [Worker-11: Updating Maven Project] INFO  o.e.m.c.i.p.ProjectConfigurationManager - Update started
2023-01-29 10:52:17,366 [Worker-11: Updating Maven Project] INFO  o.e.m.c.i.l.LifecycleMappingFactory - Using org.eclipse.m2e.jdt.JarLifecycleMapping lifecycle mapping for MavenProject: com.ontimize:tunelPostgresqlApiRest-model:1.0.0-SNAPSHOT @ C:\Users\Usuario\Desktop\html_public\FCT_DAW\003_Backend_postgresql\tunelApiRest_postgresql\tunelPostgresqlApiRest-model\pom.xml.
2023-01-29 10:52:17,787 [Worker-11: Updating Maven Project] INFO  o.e.m.c.i.p.WorkspaceClassifierResolverManager - Resolving P/tunelPostgresqlApiRest-api: com.ontimize:tunelPostgresqlApiRest-api:1.0.0-SNAPSHOT with classifier  to /tunelPostgresqlApiRest-api/target/classes
2023-01-29 10:52:18,490 [Worker-11: Updating Maven Project] INFO  o.e.m.j.i.AbstractJavaProjectConfigurator - Adding source folder /tunelPostgresqlApiRest-model/src/main/java
2023-01-29 10:52:18,491 [Worker-11: Updating Maven Project] INFO  o.e.m.j.i.AbstractJavaProjectConfigurator - Adding resource folder /tunelPostgresqlApiRest-model/src/main/resources
2023-01-29 10:52:18,492 [Worker-11: Updating Maven Project] INFO  o.e.m.j.i.AbstractJavaProjectConfigurator - Adding resource folder /tunelPostgresqlApiRest-model/src/main/resources
2023-01-29 10:52:18,494 [Worker-11: Updating Maven Project] INFO  o.e.m.j.i.AbstractJavaProjectConfigurator - Adding source folder /tunelPostgresqlApiRest-model/src/test/java
2023-01-29 10:52:19,217 [Worker-11: Updating Maven Project] INFO  o.e.m.c.i.p.ProjectConfigurationManager - Update completed for 1 poms: local refresh takes 0,00 sec, refresh facades takes 2,00 sec, update config takes 0,00 sec 
2023-01-29 10:52:19,232 [Worker-15: Updating Maven Project] INFO  o.e.m.c.i.p.ProjectConfigurationManager - Update started
2023-01-29 10:52:20,605 [Worker-15: Updating Maven Project] INFO  o.e.m.c.i.l.LifecycleMappingFactory - Using org.eclipse.m2e.jdt.JarLifecycleMapping lifecycle mapping for MavenProject: com.ontimize:tunelPostgresqlApiRest-model:1.0.0-SNAPSHOT @ C:\Users\Usuario\Desktop\html_public\FCT_DAW\003_Backend_postgresql\tunelApiRest_postgresql\tunelPostgresqlApiRest-model\pom.xml.
2023-01-29 10:52:21,005 [Worker-15: Updating Maven Project] INFO  o.e.m.c.i.p.WorkspaceClassifierResolverManager - Resolving P/tunelPostgresqlApiRest-api: com.ontimize:tunelPostgresqlApiRest-api:1.0.0-SNAPSHOT with classifier  to /tunelPostgresqlApiRest-api/target/classes
2023-01-29 10:52:21,780 [Worker-15: Updating Maven Project] INFO  o.e.m.j.i.AbstractJavaProjectConfigurator - Adding source folder /tunelPostgresqlApiRest-model/src/main/java
2023-01-29 10:52:21,781 [Worker-15: Updating Maven Project] INFO  o.e.m.j.i.AbstractJavaProjectConfigurator - Adding resource folder /tunelPostgresqlApiRest-model/src/main/resources
2023-01-29 10:52:21,783 [Worker-15: Updating Maven Project] INFO  o.e.m.j.i.AbstractJavaProjectConfigurator - Adding resource folder /tunelPostgresqlApiRest-model/src/main/resources
2023-01-29 10:52:21,784 [Worker-15: Updating Maven Project] INFO  o.e.m.j.i.AbstractJavaProjectConfigurator - Adding source folder /tunelPostgresqlApiRest-model/src/test/java
2023-01-29 10:52:22,585 [Worker-15: Updating Maven Project] INFO  o.e.m.c.i.p.ProjectConfigurationManager - Update completed for 1 poms: local refresh takes 0,00 sec, refresh facades takes 2,00 sec, update config takes 0,00 sec 
2023-01-29 10:52:22,615 [Worker-15: Updating Maven Project] INFO  o.e.m.c.i.p.ProjectConfigurationManager - Update started
2023-01-29 10:52:23,784 [Worker-15: Updating Maven Project] INFO  o.e.m.c.i.l.LifecycleMappingFactory - Using org.eclipse.m2e.jdt.JarLifecycleMapping lifecycle mapping for MavenProject: com.ontimize:tunelPostgresqlApiRest-api:1.0.0-SNAPSHOT @ C:\Users\Usuario\Desktop\html_public\FCT_DAW\003_Backend_postgresql\tunelApiRest_postgresql\tunelPostgresqlApiRest-api\pom.xml.
2023-01-29 10:52:24,379 [Worker-15: Updating Maven Project] INFO  o.e.m.j.i.AbstractJavaProjectConfigurator - Adding source folder /tunelPostgresqlApiRest-api/src/main/java
2023-01-29 10:52:24,380 [Worker-15: Updating Maven Project] INFO  o.e.m.j.i.AbstractJavaProjectConfigurator - Adding source folder /tunelPostgresqlApiRest-api/src/test/java
2023-01-29 10:52:24,922 [Worker-15: Updating Maven Project] INFO  o.e.m.c.i.p.ProjectConfigurationManager - Update completed for 1 poms: local refresh takes 0,00 sec, refresh facades takes 1,00 sec, update config takes 0,00 sec 
2023-01-29 10:52:24,939 [Worker-15: Updating Maven Project] INFO  o.e.m.c.i.p.ProjectConfigurationManager - Update started
2023-01-29 10:52:26,308 [Worker-15: Updating Maven Project] INFO  o.e.m.c.i.l.LifecycleMappingFactory - Using org.eclipse.m2e.jdt.JarLifecycleMapping lifecycle mapping for MavenProject: com.ontimize:tunelPostgresqlApiRest-api:1.0.0-SNAPSHOT @ C:\Users\Usuario\Desktop\html_public\FCT_DAW\003_Backend_postgresql\tunelApiRest_postgresql\tunelPostgresqlApiRest-api\pom.xml.
2023-01-29 10:52:26,751 [Worker-15: Updating Maven Project] INFO  o.e.m.j.i.AbstractJavaProjectConfigurator - Adding source folder /tunelPostgresqlApiRest-api/src/main/java
2023-01-29 10:52:26,753 [Worker-15: Updating Maven Project] INFO  o.e.m.j.i.AbstractJavaProjectConfigurator - Adding source folder /tunelPostgresqlApiRest-api/src/test/java
2023-01-29 10:52:27,141 [Worker-15: Updating Maven Project] INFO  o.e.m.c.i.p.ProjectConfigurationManager - Update completed for 1 poms: local refresh takes 0,00 sec, refresh facades takes 1,00 sec, update config takes 0,00 sec 
2023-01-29 10:52:27,156 [Worker-11: Updating Maven Project] INFO  o.e.m.c.i.p.ProjectConfigurationManager - Update started
2023-01-29 10:52:28,308 [Worker-11: Updating Maven Project] INFO  o.e.m.c.i.l.LifecycleMappingFactory - Using org.eclipse.m2e.jdt.JarLifecycleMapping lifecycle mapping for MavenProject: com.ontimize:tunelPostgresqlApiRest-api:1.0.0-SNAPSHOT @ C:\Users\Usuario\Desktop\html_public\FCT_DAW\003_Backend_postgresql\tunelApiRest_postgresql\tunelPostgresqlApiRest-api\pom.xml.
2023-01-29 10:52:28,748 [Worker-11: Updating Maven Project] INFO  o.e.m.j.i.AbstractJavaProjectConfigurator - Adding source folder /tunelPostgresqlApiRest-api/src/main/java
2023-01-29 10:52:28,749 [Worker-11: Updating Maven Project] INFO  o.e.m.j.i.AbstractJavaProjectConfigurator - Adding source folder /tunelPostgresqlApiRest-api/src/test/java
2023-01-29 10:52:29,225 [Worker-11: Updating Maven Project] INFO  o.e.m.c.i.p.ProjectConfigurationManager - Update completed for 1 poms: local refresh takes 0,00 sec, refresh facades takes 1,00 sec, update config takes 0,00 sec 
2023-01-29 10:52:29,243 [Worker-5: Updating Maven Project] INFO  o.e.m.c.i.p.ProjectConfigurationManager - Update started
2023-01-29 10:52:30,369 [Worker-5: Updating Maven Project] INFO  o.e.m.c.i.l.LifecycleMappingFactory - Using org.eclipse.m2e.jdt.JarLifecycleMapping lifecycle mapping for MavenProject: com.ontimize:tunelPostgresqlApiRest-api:1.0.0-SNAPSHOT @ C:\Users\Usuario\Desktop\html_public\FCT_DAW\003_Backend_postgresql\tunelApiRest_postgresql\tunelPostgresqlApiRest-api\pom.xml.
2023-01-29 10:52:30,835 [Worker-5: Updating Maven Project] INFO  o.e.m.j.i.AbstractJavaProjectConfigurator - Adding source folder /tunelPostgresqlApiRest-api/src/main/java
2023-01-29 10:52:30,836 [Worker-5: Updating Maven Project] INFO  o.e.m.j.i.AbstractJavaProjectConfigurator - Adding source folder /tunelPostgresqlApiRest-api/src/test/java
2023-01-29 10:52:31,234 [Worker-5: Updating Maven Project] INFO  o.e.m.c.i.p.ProjectConfigurationManager - Update completed for 1 poms: local refresh takes 0,00 sec, refresh facades takes 1,00 sec, update config takes 0,00 sec 
2023-01-29 10:52:31,253 [Worker-12: Updating Maven Project] INFO  o.e.m.c.i.p.ProjectConfigurationManager - Update started
2023-01-29 10:52:32,574 [Worker-12: Updating Maven Project] INFO  o.e.m.c.i.l.LifecycleMappingFactory - Using org.eclipse.m2e.jdt.JarLifecycleMapping lifecycle mapping for MavenProject: com.ontimize:tunelPostgresqlApiRest-api:1.0.0-SNAPSHOT @ C:\Users\Usuario\Desktop\html_public\FCT_DAW\003_Backend_postgresql\tunelApiRest_postgresql\tunelPostgresqlApiRest-api\pom.xml.
2023-01-29 10:52:33,012 [Worker-12: Updating Maven Project] INFO  o.e.m.j.i.AbstractJavaProjectConfigurator - Adding source folder /tunelPostgresqlApiRest-api/src/main/java
2023-01-29 10:52:33,013 [Worker-12: Updating Maven Project] INFO  o.e.m.j.i.AbstractJavaProjectConfigurator - Adding source folder /tunelPostgresqlApiRest-api/src/test/java
2023-01-29 10:52:33,490 [Worker-12: Updating Maven Project] INFO  o.e.m.c.i.p.ProjectConfigurationManager - Update completed for 1 poms: local refresh takes 0,00 sec, refresh facades takes 1,00 sec, update config takes 0,00 sec 
2023-01-29 10:52:34,169 [Worker-0: Building] INFO  o.e.m.c.i.embedder.EclipseLogger - Using 'UTF-8' encoding to copy filtered resources.
2023-01-29 10:52:34,169 [Worker-0: Building] INFO  o.e.m.c.i.embedder.EclipseLogger - Using 'UTF-8' encoding to copy filtered properties files.
2023-01-29 10:52:34,170 [Worker-0: Building] INFO  o.e.m.c.i.embedder.EclipseLogger - skip non existing resourceDirectory C:\Users\Usuario\Desktop\html_public\FCT_DAW\003_Backend_postgresql\tunelApiRest_postgresql\tunelPostgresqlApiRest-api\src\main\resources
2023-01-29 10:52:34,170 [Worker-0: Building] INFO  o.e.m.c.i.embedder.EclipseLogger - skip non existing resourceDirectory C:\Users\Usuario\Desktop\html_public\FCT_DAW\003_Backend_postgresql\tunelApiRest_postgresql\tunelPostgresqlApiRest-api\src\main\resources
2023-01-29 10:52:34,179 [Worker-0: Building] INFO  o.e.m.c.i.embedder.EclipseLogger - Using 'UTF-8' encoding to copy filtered resources.
2023-01-29 10:52:34,180 [Worker-0: Building] INFO  o.e.m.c.i.embedder.EclipseLogger - Using 'UTF-8' encoding to copy filtered properties files.
2023-01-29 10:52:34,180 [Worker-0: Building] INFO  o.e.m.c.i.embedder.EclipseLogger - skip non existing resourceDirectory C:\Users\Usuario\Desktop\html_public\FCT_DAW\003_Backend_postgresql\tunelApiRest_postgresql\tunelPostgresqlApiRest-api\src\test\resources
2023-01-29 10:52:35,458 [Worker-0: Building] INFO  o.e.m.c.i.embedder.EclipseLogger - Using 'UTF-8' encoding to copy filtered resources.
2023-01-29 10:52:35,459 [Worker-0: Building] INFO  o.e.m.c.i.embedder.EclipseLogger - Using 'UTF-8' encoding to copy filtered properties files.
2023-01-29 10:52:35,467 [Worker-0: Building] INFO  o.e.m.c.i.embedder.EclipseLogger - Copying 0 resource
2023-01-29 10:52:35,470 [Worker-0: Building] INFO  o.e.m.c.i.embedder.EclipseLogger - Copying 11 resources
2023-01-29 10:52:35,618 [Worker-0: Building] INFO  o.e.m.c.i.embedder.EclipseLogger - Using 'UTF-8' encoding to copy filtered resources.
2023-01-29 10:52:35,619 [Worker-0: Building] INFO  o.e.m.c.i.embedder.EclipseLogger - Using 'UTF-8' encoding to copy filtered properties files.
2023-01-29 10:52:35,619 [Worker-0: Building] INFO  o.e.m.c.i.embedder.EclipseLogger - skip non existing resourceDirectory C:\Users\Usuario\Desktop\html_public\FCT_DAW\003_Backend_postgresql\tunelApiRest_postgresql\tunelPostgresqlApiRest-model\src\test\resources
2023-01-29 10:52:36,178 [Worker-0: Building] INFO  o.e.m.c.i.embedder.EclipseLogger - Using 'UTF-8' encoding to copy filtered resources.
2023-01-29 10:52:36,178 [Worker-0: Building] INFO  o.e.m.c.i.embedder.EclipseLogger - Using 'UTF-8' encoding to copy filtered properties files.
2023-01-29 10:52:36,178 [Worker-0: Building] INFO  o.e.m.c.i.embedder.EclipseLogger - skip non existing resourceDirectory C:\Users\Usuario\Desktop\html_public\FCT_DAW\003_Backend_postgresql\tunelApiRest_postgresql\tunelPostgresqlApiRest-ws\src\main\resources
2023-01-29 10:52:36,178 [Worker-0: Building] INFO  o.e.m.c.i.embedder.EclipseLogger - skip non existing resourceDirectory C:\Users\Usuario\Desktop\html_public\FCT_DAW\003_Backend_postgresql\tunelApiRest_postgresql\tunelPostgresqlApiRest-ws\src\main\resources
2023-01-29 10:52:36,184 [Worker-0: Building] INFO  o.e.m.c.i.embedder.EclipseLogger - Using 'UTF-8' encoding to copy filtered resources.
2023-01-29 10:52:36,184 [Worker-0: Building] INFO  o.e.m.c.i.embedder.EclipseLogger - Using 'UTF-8' encoding to copy filtered properties files.
2023-01-29 10:52:36,184 [Worker-0: Building] INFO  o.e.m.c.i.embedder.EclipseLogger - skip non existing resourceDirectory C:\Users\Usuario\Desktop\html_public\FCT_DAW\003_Backend_postgresql\tunelApiRest_postgresql\tunelPostgresqlApiRest-ws\src\test\resources
2023-01-29 10:52:36,465 [Worker-0: Building] INFO  o.e.m.c.i.embedder.EclipseLogger - Using 'UTF-8' encoding to copy filtered resources.
2023-01-29 10:52:36,465 [Worker-0: Building] INFO  o.e.m.c.i.embedder.EclipseLogger - Using 'UTF-8' encoding to copy filtered properties files.
2023-01-29 10:52:36,466 [Worker-0: Building] INFO  o.e.m.c.i.embedder.EclipseLogger - Copying 2 resources
2023-01-29 10:52:36,536 [Worker-0: Building] INFO  o.e.m.c.i.embedder.EclipseLogger - Copying 0 resource
2023-01-29 10:52:36,542 [Worker-0: Building] INFO  o.e.m.c.i.embedder.EclipseLogger - Using 'UTF-8' encoding to copy filtered resources.
2023-01-29 10:52:36,542 [Worker-0: Building] INFO  o.e.m.c.i.embedder.EclipseLogger - Using 'UTF-8' encoding to copy filtered properties files.
2023-01-29 10:52:36,543 [Worker-0: Building] INFO  o.e.m.c.i.embedder.EclipseLogger - skip non existing resourceDirectory C:\Users\Usuario\Desktop\html_public\FCT_DAW\003_Backend_postgresql\tunelApiRest_postgresql\tunelPostgresqlApiRest-boot\src\test\resources
2023-01-29 10:54:16,987 [Worker-20: Launching ServerApplication] INFO  o.e.m.c.i.p.WorkspaceClassifierResolverManager - Resolving P/tunelPostgresqlApiRest-api: com.ontimize:tunelPostgresqlApiRest-api:1.0.0-SNAPSHOT with classifier null to /tunelPostgresqlApiRest-api/target/classes
2023-01-29 10:54:16,989 [Worker-20: Launching ServerApplication] INFO  o.e.m.c.i.p.WorkspaceClassifierResolverManager - Resolving P/tunelPostgresqlApiRest-model: com.ontimize:tunelPostgresqlApiRest-model:1.0.0-SNAPSHOT with classifier null to /tunelPostgresqlApiRest-model/target/classes
2023-01-29 10:54:16,990 [Worker-20: Launching ServerApplication] INFO  o.e.m.c.i.p.WorkspaceClassifierResolverManager - Resolving P/tunelPostgresqlApiRest-ws: com.ontimize:tunelPostgresqlApiRest-ws:1.0.0-SNAPSHOT with classifier null to /tunelPostgresqlApiRest-ws/target/classes
2023-01-29 10:54:17,295 [Worker-20: Launching ServerApplication] INFO  o.e.m.c.i.p.WorkspaceClassifierResolverManager - Resolving P/tunelPostgresqlApiRest-api: com.ontimize:tunelPostgresqlApiRest-api:1.0.0-SNAPSHOT with classifier null to /tunelPostgresqlApiRest-api/target/classes
2023-01-29 10:54:17,296 [Worker-20: Launching ServerApplication] INFO  o.e.m.c.i.p.WorkspaceClassifierResolverManager - Resolving P/tunelPostgresqlApiRest-model: com.ontimize:tunelPostgresqlApiRest-model:1.0.0-SNAPSHOT with classifier null to /tunelPostgresqlApiRest-model/target/classes
2023-01-29 10:54:17,297 [Worker-20: Launching ServerApplication] INFO  o.e.m.c.i.p.WorkspaceClassifierResolverManager - Resolving P/tunelPostgresqlApiRest-ws: com.ontimize:tunelPostgresqlApiRest-ws:1.0.0-SNAPSHOT with classifier null to /tunelPostgresqlApiRest-ws/target/classes
2023-01-29 10:54:17,655 [Worker-20: Launching ServerApplication] INFO  o.e.m.c.i.p.WorkspaceClassifierResolverManager - Resolving P/tunelPostgresqlApiRest-api: com.ontimize:tunelPostgresqlApiRest-api:1.0.0-SNAPSHOT with classifier null to /tunelPostgresqlApiRest-api/target/classes
2023-01-29 10:54:17,656 [Worker-20: Launching ServerApplication] INFO  o.e.m.c.i.p.WorkspaceClassifierResolverManager - Resolving P/tunelPostgresqlApiRest-model: com.ontimize:tunelPostgresqlApiRest-model:1.0.0-SNAPSHOT with classifier null to /tunelPostgresqlApiRest-model/target/classes
2023-01-29 10:54:17,657 [Worker-20: Launching ServerApplication] INFO  o.e.m.c.i.p.WorkspaceClassifierResolverManager - Resolving P/tunelPostgresqlApiRest-ws: com.ontimize:tunelPostgresqlApiRest-ws:1.0.0-SNAPSHOT with classifier null to /tunelPostgresqlApiRest-ws/target/classes
2023-01-30 12:53:22,610 [Worker-2: Loading available Gradle versions] INFO  o.e.b.c.i.u.g.PublishedGradleVersions - Gradle version information cache is out-of-date. Trying to update.
2023-01-30 12:54:19,416 [Worker-12: Launching ServerApplication] INFO  o.e.m.c.i.p.WorkspaceClassifierResolverManager - Resolving P/tunelPostgresqlApiRest-api: com.ontimize:tunelPostgresqlApiRest-api:1.0.0-SNAPSHOT with classifier  to /tunelPostgresqlApiRest-api/target/classes
2023-01-30 12:54:19,451 [Worker-12: Launching ServerApplication] INFO  o.e.m.c.i.p.WorkspaceClassifierResolverManager - Resolving P/tunelPostgresqlApiRest-model: com.ontimize:tunelPostgresqlApiRest-model:1.0.0-SNAPSHOT with classifier  to /tunelPostgresqlApiRest-model/target/classes
2023-01-30 12:54:19,522 [Worker-12: Launching ServerApplication] INFO  o.e.m.c.i.p.WorkspaceClassifierResolverManager - Resolving P/tunelPostgresqlApiRest-ws: com.ontimize:tunelPostgresqlApiRest-ws:1.0.0-SNAPSHOT with classifier  to /tunelPostgresqlApiRest-ws/target/classes
2023-01-30 12:54:21,007 [Worker-12: Launching ServerApplication] INFO  o.e.m.c.i.p.WorkspaceClassifierResolverManager - Resolving P/tunelPostgresqlApiRest-api: com.ontimize:tunelPostgresqlApiRest-api:1.0.0-SNAPSHOT with classifier null to /tunelPostgresqlApiRest-api/target/classes
2023-01-30 12:54:21,011 [Worker-12: Launching ServerApplication] INFO  o.e.m.c.i.p.WorkspaceClassifierResolverManager - Resolving P/tunelPostgresqlApiRest-model: com.ontimize:tunelPostgresqlApiRest-model:1.0.0-SNAPSHOT with classifier null to /tunelPostgresqlApiRest-model/target/classes
2023-01-30 12:54:21,016 [Worker-12: Launching ServerApplication] INFO  o.e.m.c.i.p.WorkspaceClassifierResolverManager - Resolving P/tunelPostgresqlApiRest-ws: com.ontimize:tunelPostgresqlApiRest-ws:1.0.0-SNAPSHOT with classifier null to /tunelPostgresqlApiRest-ws/target/classes
2023-01-30 12:54:22,709 [Worker-12: Launching ServerApplication] INFO  o.e.m.c.i.p.WorkspaceClassifierResolverManager - Resolving P/tunelPostgresqlApiRest-api: com.ontimize:tunelPostgresqlApiRest-api:1.0.0-SNAPSHOT with classifier null to /tunelPostgresqlApiRest-api/target/classes
2023-01-30 12:54:22,719 [Worker-12: Launching ServerApplication] INFO  o.e.m.c.i.p.WorkspaceClassifierResolverManager - Resolving P/tunelPostgresqlApiRest-model: com.ontimize:tunelPostgresqlApiRest-model:1.0.0-SNAPSHOT with classifier null to /tunelPostgresqlApiRest-model/target/classes
2023-01-30 12:54:22,723 [Worker-12: Launching ServerApplication] INFO  o.e.m.c.i.p.WorkspaceClassifierResolverManager - Resolving P/tunelPostgresqlApiRest-ws: com.ontimize:tunelPostgresqlApiRest-ws:1.0.0-SNAPSHOT with classifier null to /tunelPostgresqlApiRest-ws/target/classes
2023-01-30 12:54:25,895 [Worker-12: Launching ServerApplication] INFO  o.e.m.c.i.p.WorkspaceClassifierResolverManager - Resolving P/tunelPostgresqlApiRest-api: com.ontimize:tunelPostgresqlApiRest-api:1.0.0-SNAPSHOT with classifier null to /tunelPostgresqlApiRest-api/target/classes
2023-01-30 12:54:25,899 [Worker-12: Launching ServerApplication] INFO  o.e.m.c.i.p.WorkspaceClassifierResolverManager - Resolving P/tunelPostgresqlApiRest-model: com.ontimize:tunelPostgresqlApiRest-model:1.0.0-SNAPSHOT with classifier null to /tunelPostgresqlApiRest-model/target/classes
2023-01-30 12:54:25,915 [Worker-12: Launching ServerApplication] INFO  o.e.m.c.i.p.WorkspaceClassifierResolverManager - Resolving P/tunelPostgresqlApiRest-ws: com.ontimize:tunelPostgresqlApiRest-ws:1.0.0-SNAPSHOT with classifier null to /tunelPostgresqlApiRest-ws/target/classes
2023-01-30 13:45:08,133 [Worker-19: Launching ServerApplication] INFO  o.e.m.c.i.p.WorkspaceClassifierResolverManager - Resolving P/tunelPostgresqlApiRest-api: com.ontimize:tunelPostgresqlApiRest-api:1.0.0-SNAPSHOT with classifier null to /tunelPostgresqlApiRest-api/target/classes
2023-01-30 13:45:08,137 [Worker-19: Launching ServerApplication] INFO  o.e.m.c.i.p.WorkspaceClassifierResolverManager - Resolving P/tunelPostgresqlApiRest-model: com.ontimize:tunelPostgresqlApiRest-model:1.0.0-SNAPSHOT with classifier null to /tunelPostgresqlApiRest-model/target/classes
2023-01-30 13:45:08,138 [Worker-19: Launching ServerApplication] INFO  o.e.m.c.i.p.WorkspaceClassifierResolverManager - Resolving P/tunelPostgresqlApiRest-ws: com.ontimize:tunelPostgresqlApiRest-ws:1.0.0-SNAPSHOT with classifier null to /tunelPostgresqlApiRest-ws/target/classes
2023-01-30 13:45:08,384 [Worker-19: Launching ServerApplication] INFO  o.e.m.c.i.p.WorkspaceClassifierResolverManager - Resolving P/tunelPostgresqlApiRest-api: com.ontimize:tunelPostgresqlApiRest-api:1.0.0-SNAPSHOT with classifier null to /tunelPostgresqlApiRest-api/target/classes
2023-01-30 13:45:08,384 [Worker-19: Launching ServerApplication] INFO  o.e.m.c.i.p.WorkspaceClassifierResolverManager - Resolving P/tunelPostgresqlApiRest-model: com.ontimize:tunelPostgresqlApiRest-model:1.0.0-SNAPSHOT with classifier null to /tunelPostgresqlApiRest-model/target/classes
2023-01-30 13:45:08,385 [Worker-19: Launching ServerApplication] INFO  o.e.m.c.i.p.WorkspaceClassifierResolverManager - Resolving P/tunelPostgresqlApiRest-ws: com.ontimize:tunelPostgresqlApiRest-ws:1.0.0-SNAPSHOT with classifier null to /tunelPostgresqlApiRest-ws/target/classes
2023-01-30 13:45:08,654 [Worker-19: Launching ServerApplication] INFO  o.e.m.c.i.p.WorkspaceClassifierResolverManager - Resolving P/tunelPostgresqlApiRest-api: com.ontimize:tunelPostgresqlApiRest-api:1.0.0-SNAPSHOT with classifier null to /tunelPostgresqlApiRest-api/target/classes
2023-01-30 13:45:08,655 [Worker-19: Launching ServerApplication] INFO  o.e.m.c.i.p.WorkspaceClassifierResolverManager - Resolving P/tunelPostgresqlApiRest-model: com.ontimize:tunelPostgresqlApiRest-model:1.0.0-SNAPSHOT with classifier null to /tunelPostgresqlApiRest-model/target/classes
2023-01-30 13:45:08,655 [Worker-19: Launching ServerApplication] INFO  o.e.m.c.i.p.WorkspaceClassifierResolverManager - Resolving P/tunelPostgresqlApiRest-ws: com.ontimize:tunelPostgresqlApiRest-ws:1.0.0-SNAPSHOT with classifier null to /tunelPostgresqlApiRest-ws/target/classes
2023-01-30 13:47:35,346 [Worker-19: Launching ServerApplication] INFO  o.e.m.c.i.p.WorkspaceClassifierResolverManager - Resolving P/tunelPostgresqlApiRest-api: com.ontimize:tunelPostgresqlApiRest-api:1.0.0-SNAPSHOT with classifier null to /tunelPostgresqlApiRest-api/target/classes
2023-01-30 13:47:35,347 [Worker-19: Launching ServerApplication] INFO  o.e.m.c.i.p.WorkspaceClassifierResolverManager - Resolving P/tunelPostgresqlApiRest-model: com.ontimize:tunelPostgresqlApiRest-model:1.0.0-SNAPSHOT with classifier null to /tunelPostgresqlApiRest-model/target/classes
2023-01-30 13:47:35,349 [Worker-19: Launching ServerApplication] INFO  o.e.m.c.i.p.WorkspaceClassifierResolverManager - Resolving P/tunelPostgresqlApiRest-ws: com.ontimize:tunelPostgresqlApiRest-ws:1.0.0-SNAPSHOT with classifier null to /tunelPostgresqlApiRest-ws/target/classes
2023-01-30 13:47:35,580 [Worker-19: Launching ServerApplication] INFO  o.e.m.c.i.p.WorkspaceClassifierResolverManager - Resolving P/tunelPostgresqlApiRest-api: com.ontimize:tunelPostgresqlApiRest-api:1.0.0-SNAPSHOT with classifier null to /tunelPostgresqlApiRest-api/target/classes
2023-01-30 13:47:35,581 [Worker-19: Launching ServerApplication] INFO  o.e.m.c.i.p.WorkspaceClassifierResolverManager - Resolving P/tunelPostgresqlApiRest-model: com.ontimize:tunelPostgresqlApiRest-model:1.0.0-SNAPSHOT with classifier null to /tunelPostgresqlApiRest-model/target/classes
2023-01-30 13:47:35,582 [Worker-19: Launching ServerApplication] INFO  o.e.m.c.i.p.WorkspaceClassifierResolverManager - Resolving P/tunelPostgresqlApiRest-ws: com.ontimize:tunelPostgresqlApiRest-ws:1.0.0-SNAPSHOT with classifier null to /tunelPostgresqlApiRest-ws/target/classes
2023-01-30 13:47:35,817 [Worker-19: Launching ServerApplication] INFO  o.e.m.c.i.p.WorkspaceClassifierResolverManager - Resolving P/tunelPostgresqlApiRest-api: com.ontimize:tunelPostgresqlApiRest-api:1.0.0-SNAPSHOT with classifier null to /tunelPostgresqlApiRest-api/target/classes
2023-01-30 13:47:35,818 [Worker-19: Launching ServerApplication] INFO  o.e.m.c.i.p.WorkspaceClassifierResolverManager - Resolving P/tunelPostgresqlApiRest-model: com.ontimize:tunelPostgresqlApiRest-model:1.0.0-SNAPSHOT with classifier null to /tunelPostgresqlApiRest-model/target/classes
2023-01-30 13:47:35,818 [Worker-19: Launching ServerApplication] INFO  o.e.m.c.i.p.WorkspaceClassifierResolverManager - Resolving P/tunelPostgresqlApiRest-ws: com.ontimize:tunelPostgresqlApiRest-ws:1.0.0-SNAPSHOT with classifier null to /tunelPostgresqlApiRest-ws/target/classes
2023-01-30 14:26:54,897 [Worker-1: Loading available Gradle versions] INFO  o.e.b.c.i.u.g.PublishedGradleVersions - Gradle version information cache is up-to-date. Trying to read.
2023-01-30 14:27:24,849 [Worker-14: Launching ServerApplication] INFO  o.e.m.c.i.p.WorkspaceClassifierResolverManager - Resolving P/tunelPostgresqlApiRest-api: com.ontimize:tunelPostgresqlApiRest-api:1.0.0-SNAPSHOT with classifier  to /tunelPostgresqlApiRest-api/target/classes
2023-01-30 14:27:24,897 [Worker-14: Launching ServerApplication] INFO  o.e.m.c.i.p.WorkspaceClassifierResolverManager - Resolving P/tunelPostgresqlApiRest-model: com.ontimize:tunelPostgresqlApiRest-model:1.0.0-SNAPSHOT with classifier  to /tunelPostgresqlApiRest-model/target/classes
2023-01-30 14:27:24,934 [Worker-14: Launching ServerApplication] INFO  o.e.m.c.i.p.WorkspaceClassifierResolverManager - Resolving P/tunelPostgresqlApiRest-ws: com.ontimize:tunelPostgresqlApiRest-ws:1.0.0-SNAPSHOT with classifier  to /tunelPostgresqlApiRest-ws/target/classes
2023-01-30 14:27:26,001 [Worker-14: Launching ServerApplication] INFO  o.e.m.c.i.p.WorkspaceClassifierResolverManager - Resolving P/tunelPostgresqlApiRest-api: com.ontimize:tunelPostgresqlApiRest-api:1.0.0-SNAPSHOT with classifier null to /tunelPostgresqlApiRest-api/target/classes
2023-01-30 14:27:26,004 [Worker-14: Launching ServerApplication] INFO  o.e.m.c.i.p.WorkspaceClassifierResolverManager - Resolving P/tunelPostgresqlApiRest-model: com.ontimize:tunelPostgresqlApiRest-model:1.0.0-SNAPSHOT with classifier null to /tunelPostgresqlApiRest-model/target/classes
2023-01-30 14:27:26,007 [Worker-14: Launching ServerApplication] INFO  o.e.m.c.i.p.WorkspaceClassifierResolverManager - Resolving P/tunelPostgresqlApiRest-ws: com.ontimize:tunelPostgresqlApiRest-ws:1.0.0-SNAPSHOT with classifier null to /tunelPostgresqlApiRest-ws/target/classes
2023-01-30 14:27:26,639 [Worker-14: Launching ServerApplication] INFO  o.e.m.c.i.p.WorkspaceClassifierResolverManager - Resolving P/tunelPostgresqlApiRest-api: com.ontimize:tunelPostgresqlApiRest-api:1.0.0-SNAPSHOT with classifier null to /tunelPostgresqlApiRest-api/target/classes
2023-01-30 14:27:26,641 [Worker-14: Launching ServerApplication] INFO  o.e.m.c.i.p.WorkspaceClassifierResolverManager - Resolving P/tunelPostgresqlApiRest-model: com.ontimize:tunelPostgresqlApiRest-model:1.0.0-SNAPSHOT with classifier null to /tunelPostgresqlApiRest-model/target/classes
2023-01-30 14:27:26,643 [Worker-14: Launching ServerApplication] INFO  o.e.m.c.i.p.WorkspaceClassifierResolverManager - Resolving P/tunelPostgresqlApiRest-ws: com.ontimize:tunelPostgresqlApiRest-ws:1.0.0-SNAPSHOT with classifier null to /tunelPostgresqlApiRest-ws/target/classes
2023-01-30 14:27:27,284 [Worker-14: Launching ServerApplication] INFO  o.e.m.c.i.p.WorkspaceClassifierResolverManager - Resolving P/tunelPostgresqlApiRest-api: com.ontimize:tunelPostgresqlApiRest-api:1.0.0-SNAPSHOT with classifier null to /tunelPostgresqlApiRest-api/target/classes
2023-01-30 14:27:27,286 [Worker-14: Launching ServerApplication] INFO  o.e.m.c.i.p.WorkspaceClassifierResolverManager - Resolving P/tunelPostgresqlApiRest-model: com.ontimize:tunelPostgresqlApiRest-model:1.0.0-SNAPSHOT with classifier null to /tunelPostgresqlApiRest-model/target/classes
2023-01-30 14:27:27,290 [Worker-14: Launching ServerApplication] INFO  o.e.m.c.i.p.WorkspaceClassifierResolverManager - Resolving P/tunelPostgresqlApiRest-ws: com.ontimize:tunelPostgresqlApiRest-ws:1.0.0-SNAPSHOT with classifier null to /tunelPostgresqlApiRest-ws/target/classes
2023-01-30 14:58:29,946 [Worker-2: Loading available Gradle versions] INFO  o.e.b.c.i.u.g.PublishedGradleVersions - Gradle version information cache is up-to-date. Trying to read.
2023-01-30 14:59:04,691 [Worker-11: Launching ServerApplication] INFO  o.e.m.c.i.p.WorkspaceClassifierResolverManager - Resolving P/tunelPostgresqlApiRest-api: com.ontimize:tunelPostgresqlApiRest-api:1.0.0-SNAPSHOT with classifier  to /tunelPostgresqlApiRest-api/target/classes
2023-01-30 14:59:04,758 [Worker-11: Launching ServerApplication] INFO  o.e.m.c.i.p.WorkspaceClassifierResolverManager - Resolving P/tunelPostgresqlApiRest-model: com.ontimize:tunelPostgresqlApiRest-model:1.0.0-SNAPSHOT with classifier  to /tunelPostgresqlApiRest-model/target/classes
2023-01-30 14:59:04,790 [Worker-11: Launching ServerApplication] INFO  o.e.m.c.i.p.WorkspaceClassifierResolverManager - Resolving P/tunelPostgresqlApiRest-ws: com.ontimize:tunelPostgresqlApiRest-ws:1.0.0-SNAPSHOT with classifier  to /tunelPostgresqlApiRest-ws/target/classes
2023-01-30 14:59:07,196 [Worker-11: Launching ServerApplication] INFO  o.e.m.c.i.p.WorkspaceClassifierResolverManager - Resolving P/tunelPostgresqlApiRest-api: com.ontimize:tunelPostgresqlApiRest-api:1.0.0-SNAPSHOT with classifier null to /tunelPostgresqlApiRest-api/target/classes
2023-01-30 14:59:07,199 [Worker-11: Launching ServerApplication] INFO  o.e.m.c.i.p.WorkspaceClassifierResolverManager - Resolving P/tunelPostgresqlApiRest-model: com.ontimize:tunelPostgresqlApiRest-model:1.0.0-SNAPSHOT with classifier null to /tunelPostgresqlApiRest-model/target/classes
2023-01-30 14:59:07,202 [Worker-11: Launching ServerApplication] INFO  o.e.m.c.i.p.WorkspaceClassifierResolverManager - Resolving P/tunelPostgresqlApiRest-ws: com.ontimize:tunelPostgresqlApiRest-ws:1.0.0-SNAPSHOT with classifier null to /tunelPostgresqlApiRest-ws/target/classes
2023-01-30 14:59:08,845 [Worker-11: Launching ServerApplication] INFO  o.e.m.c.i.p.WorkspaceClassifierResolverManager - Resolving P/tunelPostgresqlApiRest-api: com.ontimize:tunelPostgresqlApiRest-api:1.0.0-SNAPSHOT with classifier null to /tunelPostgresqlApiRest-api/target/classes
2023-01-30 14:59:08,850 [Worker-11: Launching ServerApplication] INFO  o.e.m.c.i.p.WorkspaceClassifierResolverManager - Resolving P/tunelPostgresqlApiRest-model: com.ontimize:tunelPostgresqlApiRest-model:1.0.0-SNAPSHOT with classifier null to /tunelPostgresqlApiRest-model/target/classes
2023-01-30 14:59:08,852 [Worker-11: Launching ServerApplication] INFO  o.e.m.c.i.p.WorkspaceClassifierResolverManager - Resolving P/tunelPostgresqlApiRest-ws: com.ontimize:tunelPostgresqlApiRest-ws:1.0.0-SNAPSHOT with classifier null to /tunelPostgresqlApiRest-ws/target/classes
2023-01-30 14:59:10,866 [Worker-11: Launching ServerApplication] INFO  o.e.m.c.i.p.WorkspaceClassifierResolverManager - Resolving P/tunelPostgresqlApiRest-api: com.ontimize:tunelPostgresqlApiRest-api:1.0.0-SNAPSHOT with classifier null to /tunelPostgresqlApiRest-api/target/classes
2023-01-30 14:59:10,873 [Worker-11: Launching ServerApplication] INFO  o.e.m.c.i.p.WorkspaceClassifierResolverManager - Resolving P/tunelPostgresqlApiRest-model: com.ontimize:tunelPostgresqlApiRest-model:1.0.0-SNAPSHOT with classifier null to /tunelPostgresqlApiRest-model/target/classes
2023-01-30 14:59:10,876 [Worker-11: Launching ServerApplication] INFO  o.e.m.c.i.p.WorkspaceClassifierResolverManager - Resolving P/tunelPostgresqlApiRest-ws: com.ontimize:tunelPostgresqlApiRest-ws:1.0.0-SNAPSHOT with classifier null to /tunelPostgresqlApiRest-ws/target/classes
2023-01-30 19:00:30,985 [Worker-2: Loading available Gradle versions] INFO  o.e.b.c.i.u.g.PublishedGradleVersions - Gradle version information cache is up-to-date. Trying to read.
2023-01-30 19:01:09,358 [Worker-0: Launching ServerApplication] INFO  o.e.m.c.i.p.WorkspaceClassifierResolverManager - Resolving P/tunelPostgresqlApiRest-api: com.ontimize:tunelPostgresqlApiRest-api:1.0.0-SNAPSHOT with classifier  to /tunelPostgresqlApiRest-api/target/classes
2023-01-30 19:01:09,384 [Worker-0: Launching ServerApplication] INFO  o.e.m.c.i.p.WorkspaceClassifierResolverManager - Resolving P/tunelPostgresqlApiRest-model: com.ontimize:tunelPostgresqlApiRest-model:1.0.0-SNAPSHOT with classifier  to /tunelPostgresqlApiRest-model/target/classes
2023-01-30 19:01:09,418 [Worker-0: Launching ServerApplication] INFO  o.e.m.c.i.p.WorkspaceClassifierResolverManager - Resolving P/tunelPostgresqlApiRest-ws: com.ontimize:tunelPostgresqlApiRest-ws:1.0.0-SNAPSHOT with classifier  to /tunelPostgresqlApiRest-ws/target/classes
2023-01-30 19:01:10,477 [Worker-0: Launching ServerApplication] INFO  o.e.m.c.i.p.WorkspaceClassifierResolverManager - Resolving P/tunelPostgresqlApiRest-api: com.ontimize:tunelPostgresqlApiRest-api:1.0.0-SNAPSHOT with classifier null to /tunelPostgresqlApiRest-api/target/classes
2023-01-30 19:01:10,480 [Worker-0: Launching ServerApplication] INFO  o.e.m.c.i.p.WorkspaceClassifierResolverManager - Resolving P/tunelPostgresqlApiRest-model: com.ontimize:tunelPostgresqlApiRest-model:1.0.0-SNAPSHOT with classifier null to /tunelPostgresqlApiRest-model/target/classes
2023-01-30 19:01:10,483 [Worker-0: Launching ServerApplication] INFO  o.e.m.c.i.p.WorkspaceClassifierResolverManager - Resolving P/tunelPostgresqlApiRest-ws: com.ontimize:tunelPostgresqlApiRest-ws:1.0.0-SNAPSHOT with classifier null to /tunelPostgresqlApiRest-ws/target/classes
2023-01-30 19:01:11,232 [Worker-0: Launching ServerApplication] INFO  o.e.m.c.i.p.WorkspaceClassifierResolverManager - Resolving P/tunelPostgresqlApiRest-api: com.ontimize:tunelPostgresqlApiRest-api:1.0.0-SNAPSHOT with classifier null to /tunelPostgresqlApiRest-api/target/classes
2023-01-30 19:01:11,234 [Worker-0: Launching ServerApplication] INFO  o.e.m.c.i.p.WorkspaceClassifierResolverManager - Resolving P/tunelPostgresqlApiRest-model: com.ontimize:tunelPostgresqlApiRest-model:1.0.0-SNAPSHOT with classifier null to /tunelPostgresqlApiRest-model/target/classes
2023-01-30 19:01:11,236 [Worker-0: Launching ServerApplication] INFO  o.e.m.c.i.p.WorkspaceClassifierResolverManager - Resolving P/tunelPostgresqlApiRest-ws: com.ontimize:tunelPostgresqlApiRest-ws:1.0.0-SNAPSHOT with classifier null to /tunelPostgresqlApiRest-ws/target/classes
2023-01-30 19:01:11,990 [Worker-0: Launching ServerApplication] INFO  o.e.m.c.i.p.WorkspaceClassifierResolverManager - Resolving P/tunelPostgresqlApiRest-api: com.ontimize:tunelPostgresqlApiRest-api:1.0.0-SNAPSHOT with classifier null to /tunelPostgresqlApiRest-api/target/classes
2023-01-30 19:01:11,992 [Worker-0: Launching ServerApplication] INFO  o.e.m.c.i.p.WorkspaceClassifierResolverManager - Resolving P/tunelPostgresqlApiRest-model: com.ontimize:tunelPostgresqlApiRest-model:1.0.0-SNAPSHOT with classifier null to /tunelPostgresqlApiRest-model/target/classes
2023-01-30 19:01:11,994 [Worker-0: Launching ServerApplication] INFO  o.e.m.c.i.p.WorkspaceClassifierResolverManager - Resolving P/tunelPostgresqlApiRest-ws: com.ontimize:tunelPostgresqlApiRest-ws:1.0.0-SNAPSHOT with classifier null to /tunelPostgresqlApiRest-ws/target/classes
2023-01-31 13:28:43,826 [Worker-2: Loading available Gradle versions] INFO  o.e.b.c.i.u.g.PublishedGradleVersions - Gradle version information cache is out-of-date. Trying to update.
2023-01-31 13:29:44,101 [Worker-9: Launching ServerApplication] INFO  o.e.m.c.i.p.WorkspaceClassifierResolverManager - Resolving P/tunelPostgresqlApiRest-api: com.ontimize:tunelPostgresqlApiRest-api:1.0.0-SNAPSHOT with classifier  to /tunelPostgresqlApiRest-api/target/classes
2023-01-31 13:29:44,244 [Worker-9: Launching ServerApplication] INFO  o.e.m.c.i.p.WorkspaceClassifierResolverManager - Resolving P/tunelPostgresqlApiRest-model: com.ontimize:tunelPostgresqlApiRest-model:1.0.0-SNAPSHOT with classifier  to /tunelPostgresqlApiRest-model/target/classes
2023-01-31 13:29:44,276 [Worker-9: Launching ServerApplication] INFO  o.e.m.c.i.p.WorkspaceClassifierResolverManager - Resolving P/tunelPostgresqlApiRest-ws: com.ontimize:tunelPostgresqlApiRest-ws:1.0.0-SNAPSHOT with classifier  to /tunelPostgresqlApiRest-ws/target/classes
2023-01-31 13:29:47,240 [Worker-7: Launching ServerApplication] INFO  o.e.m.c.i.p.WorkspaceClassifierResolverManager - Resolving P/tunelPostgresqlApiRest-api: com.ontimize:tunelPostgresqlApiRest-api:1.0.0-SNAPSHOT with classifier null to /tunelPostgresqlApiRest-api/target/classes
2023-01-31 13:29:47,243 [Worker-7: Launching ServerApplication] INFO  o.e.m.c.i.p.WorkspaceClassifierResolverManager - Resolving P/tunelPostgresqlApiRest-model: com.ontimize:tunelPostgresqlApiRest-model:1.0.0-SNAPSHOT with classifier null to /tunelPostgresqlApiRest-model/target/classes
2023-01-31 13:29:47,246 [Worker-7: Launching ServerApplication] INFO  o.e.m.c.i.p.WorkspaceClassifierResolverManager - Resolving P/tunelPostgresqlApiRest-ws: com.ontimize:tunelPostgresqlApiRest-ws:1.0.0-SNAPSHOT with classifier null to /tunelPostgresqlApiRest-ws/target/classes
2023-01-31 13:29:47,286 [Worker-9: Launching ServerApplication] INFO  o.e.m.c.i.p.WorkspaceClassifierResolverManager - Resolving P/tunelPostgresqlApiRest-api: com.ontimize:tunelPostgresqlApiRest-api:1.0.0-SNAPSHOT with classifier null to /tunelPostgresqlApiRest-api/target/classes
2023-01-31 13:29:47,288 [Worker-9: Launching ServerApplication] INFO  o.e.m.c.i.p.WorkspaceClassifierResolverManager - Resolving P/tunelPostgresqlApiRest-model: com.ontimize:tunelPostgresqlApiRest-model:1.0.0-SNAPSHOT with classifier null to /tunelPostgresqlApiRest-model/target/classes
2023-01-31 13:29:47,291 [Worker-9: Launching ServerApplication] INFO  o.e.m.c.i.p.WorkspaceClassifierResolverManager - Resolving P/tunelPostgresqlApiRest-ws: com.ontimize:tunelPostgresqlApiRest-ws:1.0.0-SNAPSHOT with classifier null to /tunelPostgresqlApiRest-ws/target/classes
2023-01-31 13:29:48,353 [Worker-7: Launching ServerApplication] INFO  o.e.m.c.i.p.WorkspaceClassifierResolverManager - Resolving P/tunelPostgresqlApiRest-api: com.ontimize:tunelPostgresqlApiRest-api:1.0.0-SNAPSHOT with classifier null to /tunelPostgresqlApiRest-api/target/classes
2023-01-31 13:29:48,355 [Worker-7: Launching ServerApplication] INFO  o.e.m.c.i.p.WorkspaceClassifierResolverManager - Resolving P/tunelPostgresqlApiRest-model: com.ontimize:tunelPostgresqlApiRest-model:1.0.0-SNAPSHOT with classifier null to /tunelPostgresqlApiRest-model/target/classes
2023-01-31 13:29:48,358 [Worker-7: Launching ServerApplication] INFO  o.e.m.c.i.p.WorkspaceClassifierResolverManager - Resolving P/tunelPostgresqlApiRest-ws: com.ontimize:tunelPostgresqlApiRest-ws:1.0.0-SNAPSHOT with classifier null to /tunelPostgresqlApiRest-ws/target/classes
2023-01-31 13:29:48,571 [Worker-9: Launching ServerApplication] INFO  o.e.m.c.i.p.WorkspaceClassifierResolverManager - Resolving P/tunelPostgresqlApiRest-api: com.ontimize:tunelPostgresqlApiRest-api:1.0.0-SNAPSHOT with classifier null to /tunelPostgresqlApiRest-api/target/classes
2023-01-31 13:29:48,573 [Worker-9: Launching ServerApplication] INFO  o.e.m.c.i.p.WorkspaceClassifierResolverManager - Resolving P/tunelPostgresqlApiRest-model: com.ontimize:tunelPostgresqlApiRest-model:1.0.0-SNAPSHOT with classifier null to /tunelPostgresqlApiRest-model/target/classes
2023-01-31 13:29:48,575 [Worker-9: Launching ServerApplication] INFO  o.e.m.c.i.p.WorkspaceClassifierResolverManager - Resolving P/tunelPostgresqlApiRest-ws: com.ontimize:tunelPostgresqlApiRest-ws:1.0.0-SNAPSHOT with classifier null to /tunelPostgresqlApiRest-ws/target/classes
2023-01-31 13:29:49,668 [Worker-7: Launching ServerApplication] INFO  o.e.m.c.i.p.WorkspaceClassifierResolverManager - Resolving P/tunelPostgresqlApiRest-api: com.ontimize:tunelPostgresqlApiRest-api:1.0.0-SNAPSHOT with classifier null to /tunelPostgresqlApiRest-api/target/classes
2023-01-31 13:29:49,670 [Worker-7: Launching ServerApplication] INFO  o.e.m.c.i.p.WorkspaceClassifierResolverManager - Resolving P/tunelPostgresqlApiRest-model: com.ontimize:tunelPostgresqlApiRest-model:1.0.0-SNAPSHOT with classifier null to /tunelPostgresqlApiRest-model/target/classes
2023-01-31 13:29:49,672 [Worker-7: Launching ServerApplication] INFO  o.e.m.c.i.p.WorkspaceClassifierResolverManager - Resolving P/tunelPostgresqlApiRest-ws: com.ontimize:tunelPostgresqlApiRest-ws:1.0.0-SNAPSHOT with classifier null to /tunelPostgresqlApiRest-ws/target/classes
2023-01-31 13:29:49,784 [Worker-9: Launching ServerApplication] INFO  o.e.m.c.i.p.WorkspaceClassifierResolverManager - Resolving P/tunelPostgresqlApiRest-api: com.ontimize:tunelPostgresqlApiRest-api:1.0.0-SNAPSHOT with classifier null to /tunelPostgresqlApiRest-api/target/classes
2023-01-31 13:29:49,787 [Worker-9: Launching ServerApplication] INFO  o.e.m.c.i.p.WorkspaceClassifierResolverManager - Resolving P/tunelPostgresqlApiRest-model: com.ontimize:tunelPostgresqlApiRest-model:1.0.0-SNAPSHOT with classifier null to /tunelPostgresqlApiRest-model/target/classes
2023-01-31 13:29:49,789 [Worker-9: Launching ServerApplication] INFO  o.e.m.c.i.p.WorkspaceClassifierResolverManager - Resolving P/tunelPostgresqlApiRest-ws: com.ontimize:tunelPostgresqlApiRest-ws:1.0.0-SNAPSHOT with classifier null to /tunelPostgresqlApiRest-ws/target/classes
2023-02-01 09:56:06,460 [Worker-2: Loading available Gradle versions] INFO  o.e.b.c.i.u.g.PublishedGradleVersions - Gradle version information cache is up-to-date. Trying to read.
2023-02-01 09:57:03,579 [Worker-0: Launching ServerApplication] INFO  o.e.m.c.i.p.WorkspaceClassifierResolverManager - Resolving P/tunelPostgresqlApiRest-api: com.ontimize:tunelPostgresqlApiRest-api:1.0.0-SNAPSHOT with classifier  to /tunelPostgresqlApiRest-api/target/classes
2023-02-01 09:57:03,609 [Worker-0: Launching ServerApplication] INFO  o.e.m.c.i.p.WorkspaceClassifierResolverManager - Resolving P/tunelPostgresqlApiRest-model: com.ontimize:tunelPostgresqlApiRest-model:1.0.0-SNAPSHOT with classifier  to /tunelPostgresqlApiRest-model/target/classes
2023-02-01 09:57:03,644 [Worker-0: Launching ServerApplication] INFO  o.e.m.c.i.p.WorkspaceClassifierResolverManager - Resolving P/tunelPostgresqlApiRest-ws: com.ontimize:tunelPostgresqlApiRest-ws:1.0.0-SNAPSHOT with classifier  to /tunelPostgresqlApiRest-ws/target/classes
2023-02-01 09:57:04,492 [Worker-0: Launching ServerApplication] INFO  o.e.m.c.i.p.WorkspaceClassifierResolverManager - Resolving P/tunelPostgresqlApiRest-api: com.ontimize:tunelPostgresqlApiRest-api:1.0.0-SNAPSHOT with classifier null to /tunelPostgresqlApiRest-api/target/classes
2023-02-01 09:57:04,495 [Worker-0: Launching ServerApplication] INFO  o.e.m.c.i.p.WorkspaceClassifierResolverManager - Resolving P/tunelPostgresqlApiRest-model: com.ontimize:tunelPostgresqlApiRest-model:1.0.0-SNAPSHOT with classifier null to /tunelPostgresqlApiRest-model/target/classes
2023-02-01 09:57:04,498 [Worker-0: Launching ServerApplication] INFO  o.e.m.c.i.p.WorkspaceClassifierResolverManager - Resolving P/tunelPostgresqlApiRest-ws: com.ontimize:tunelPostgresqlApiRest-ws:1.0.0-SNAPSHOT with classifier null to /tunelPostgresqlApiRest-ws/target/classes
2023-02-01 09:57:05,387 [Worker-0: Launching ServerApplication] INFO  o.e.m.c.i.p.WorkspaceClassifierResolverManager - Resolving P/tunelPostgresqlApiRest-api: com.ontimize:tunelPostgresqlApiRest-api:1.0.0-SNAPSHOT with classifier null to /tunelPostgresqlApiRest-api/target/classes
2023-02-01 09:57:05,388 [Worker-0: Launching ServerApplication] INFO  o.e.m.c.i.p.WorkspaceClassifierResolverManager - Resolving P/tunelPostgresqlApiRest-model: com.ontimize:tunelPostgresqlApiRest-model:1.0.0-SNAPSHOT with classifier null to /tunelPostgresqlApiRest-model/target/classes
2023-02-01 09:57:05,389 [Worker-0: Launching ServerApplication] INFO  o.e.m.c.i.p.WorkspaceClassifierResolverManager - Resolving P/tunelPostgresqlApiRest-ws: com.ontimize:tunelPostgresqlApiRest-ws:1.0.0-SNAPSHOT with classifier null to /tunelPostgresqlApiRest-ws/target/classes
2023-02-01 09:57:06,217 [Worker-0: Launching ServerApplication] INFO  o.e.m.c.i.p.WorkspaceClassifierResolverManager - Resolving P/tunelPostgresqlApiRest-api: com.ontimize:tunelPostgresqlApiRest-api:1.0.0-SNAPSHOT with classifier null to /tunelPostgresqlApiRest-api/target/classes
2023-02-01 09:57:06,223 [Worker-0: Launching ServerApplication] INFO  o.e.m.c.i.p.WorkspaceClassifierResolverManager - Resolving P/tunelPostgresqlApiRest-model: com.ontimize:tunelPostgresqlApiRest-model:1.0.0-SNAPSHOT with classifier null to /tunelPostgresqlApiRest-model/target/classes
2023-02-01 09:57:06,228 [Worker-0: Launching ServerApplication] INFO  o.e.m.c.i.p.WorkspaceClassifierResolverManager - Resolving P/tunelPostgresqlApiRest-ws: com.ontimize:tunelPostgresqlApiRest-ws:1.0.0-SNAPSHOT with classifier null to /tunelPostgresqlApiRest-ws/target/classes
2023-02-01 17:31:45,992 [Worker-2: Loading available Gradle versions] INFO  o.e.b.c.i.u.g.PublishedGradleVersions - Gradle version information cache is out-of-date. Trying to update.
2023-02-01 17:34:39,898 [Worker-1: Launching ServerApplication] INFO  o.e.m.c.i.p.WorkspaceClassifierResolverManager - Resolving P/tunelPostgresqlApiRest-api: com.ontimize:tunelPostgresqlApiRest-api:1.0.0-SNAPSHOT with classifier  to /tunelPostgresqlApiRest-api/target/classes
2023-02-01 17:34:39,927 [Worker-1: Launching ServerApplication] INFO  o.e.m.c.i.p.WorkspaceClassifierResolverManager - Resolving P/tunelPostgresqlApiRest-model: com.ontimize:tunelPostgresqlApiRest-model:1.0.0-SNAPSHOT with classifier  to /tunelPostgresqlApiRest-model/target/classes
2023-02-01 17:34:39,953 [Worker-1: Launching ServerApplication] INFO  o.e.m.c.i.p.WorkspaceClassifierResolverManager - Resolving P/tunelPostgresqlApiRest-ws: com.ontimize:tunelPostgresqlApiRest-ws:1.0.0-SNAPSHOT with classifier  to /tunelPostgresqlApiRest-ws/target/classes
2023-02-01 17:34:41,478 [Worker-1: Launching ServerApplication] INFO  o.e.m.c.i.p.WorkspaceClassifierResolverManager - Resolving P/tunelPostgresqlApiRest-api: com.ontimize:tunelPostgresqlApiRest-api:1.0.0-SNAPSHOT with classifier null to /tunelPostgresqlApiRest-api/target/classes
2023-02-01 17:34:41,482 [Worker-1: Launching ServerApplication] INFO  o.e.m.c.i.p.WorkspaceClassifierResolverManager - Resolving P/tunelPostgresqlApiRest-model: com.ontimize:tunelPostgresqlApiRest-model:1.0.0-SNAPSHOT with classifier null to /tunelPostgresqlApiRest-model/target/classes
2023-02-01 17:34:41,484 [Worker-1: Launching ServerApplication] INFO  o.e.m.c.i.p.WorkspaceClassifierResolverManager - Resolving P/tunelPostgresqlApiRest-ws: com.ontimize:tunelPostgresqlApiRest-ws:1.0.0-SNAPSHOT with classifier null to /tunelPostgresqlApiRest-ws/target/classes
2023-02-01 17:34:42,952 [Worker-1: Launching ServerApplication] INFO  o.e.m.c.i.p.WorkspaceClassifierResolverManager - Resolving P/tunelPostgresqlApiRest-api: com.ontimize:tunelPostgresqlApiRest-api:1.0.0-SNAPSHOT with classifier null to /tunelPostgresqlApiRest-api/target/classes
2023-02-01 17:34:42,976 [Worker-1: Launching ServerApplication] INFO  o.e.m.c.i.p.WorkspaceClassifierResolverManager - Resolving P/tunelPostgresqlApiRest-model: com.ontimize:tunelPostgresqlApiRest-model:1.0.0-SNAPSHOT with classifier null to /tunelPostgresqlApiRest-model/target/classes
2023-02-01 17:34:42,980 [Worker-1: Launching ServerApplication] INFO  o.e.m.c.i.p.WorkspaceClassifierResolverManager - Resolving P/tunelPostgresqlApiRest-ws: com.ontimize:tunelPostgresqlApiRest-ws:1.0.0-SNAPSHOT with classifier null to /tunelPostgresqlApiRest-ws/target/classes
2023-02-01 17:34:44,192 [Worker-1: Launching ServerApplication] INFO  o.e.m.c.i.p.WorkspaceClassifierResolverManager - Resolving P/tunelPostgresqlApiRest-api: com.ontimize:tunelPostgresqlApiRest-api:1.0.0-SNAPSHOT with classifier null to /tunelPostgresqlApiRest-api/target/classes
2023-02-01 17:34:44,194 [Worker-1: Launching ServerApplication] INFO  o.e.m.c.i.p.WorkspaceClassifierResolverManager - Resolving P/tunelPostgresqlApiRest-model: com.ontimize:tunelPostgresqlApiRest-model:1.0.0-SNAPSHOT with classifier null to /tunelPostgresqlApiRest-model/target/classes
2023-02-01 17:34:44,207 [Worker-1: Launching ServerApplication] INFO  o.e.m.c.i.p.WorkspaceClassifierResolverManager - Resolving P/tunelPostgresqlApiRest-ws: com.ontimize:tunelPostgresqlApiRest-ws:1.0.0-SNAPSHOT with classifier null to /tunelPostgresqlApiRest-ws/target/classes
2023-02-02 09:45:09,839 [Worker-2: Loading available Gradle versions] INFO  o.e.b.c.i.u.g.PublishedGradleVersions - Gradle version information cache is up-to-date. Trying to read.
2023-02-02 09:47:58,246 [Worker-5: Launching ServerApplication] INFO  o.e.m.c.i.p.WorkspaceClassifierResolverManager - Resolving P/tunelPostgresqlApiRest-api: com.ontimize:tunelPostgresqlApiRest-api:1.0.0-SNAPSHOT with classifier  to /tunelPostgresqlApiRest-api/target/classes
2023-02-02 09:47:58,423 [Worker-5: Launching ServerApplication] INFO  o.e.m.c.i.p.WorkspaceClassifierResolverManager - Resolving P/tunelPostgresqlApiRest-model: com.ontimize:tunelPostgresqlApiRest-model:1.0.0-SNAPSHOT with classifier  to /tunelPostgresqlApiRest-model/target/classes
2023-02-02 09:47:58,534 [Worker-5: Launching ServerApplication] INFO  o.e.m.c.i.p.WorkspaceClassifierResolverManager - Resolving P/tunelPostgresqlApiRest-ws: com.ontimize:tunelPostgresqlApiRest-ws:1.0.0-SNAPSHOT with classifier  to /tunelPostgresqlApiRest-ws/target/classes
2023-02-02 09:48:02,174 [Worker-5: Launching ServerApplication] INFO  o.e.m.c.i.p.WorkspaceClassifierResolverManager - Resolving P/tunelPostgresqlApiRest-api: com.ontimize:tunelPostgresqlApiRest-api:1.0.0-SNAPSHOT with classifier null to /tunelPostgresqlApiRest-api/target/classes
2023-02-02 09:48:02,179 [Worker-5: Launching ServerApplication] INFO  o.e.m.c.i.p.WorkspaceClassifierResolverManager - Resolving P/tunelPostgresqlApiRest-model: com.ontimize:tunelPostgresqlApiRest-model:1.0.0-SNAPSHOT with classifier null to /tunelPostgresqlApiRest-model/target/classes
2023-02-02 09:48:02,182 [Worker-5: Launching ServerApplication] INFO  o.e.m.c.i.p.WorkspaceClassifierResolverManager - Resolving P/tunelPostgresqlApiRest-ws: com.ontimize:tunelPostgresqlApiRest-ws:1.0.0-SNAPSHOT with classifier null to /tunelPostgresqlApiRest-ws/target/classes
2023-02-02 09:48:05,579 [Worker-5: Launching ServerApplication] INFO  o.e.m.c.i.p.WorkspaceClassifierResolverManager - Resolving P/tunelPostgresqlApiRest-api: com.ontimize:tunelPostgresqlApiRest-api:1.0.0-SNAPSHOT with classifier null to /tunelPostgresqlApiRest-api/target/classes
2023-02-02 09:48:05,585 [Worker-5: Launching ServerApplication] INFO  o.e.m.c.i.p.WorkspaceClassifierResolverManager - Resolving P/tunelPostgresqlApiRest-model: com.ontimize:tunelPostgresqlApiRest-model:1.0.0-SNAPSHOT with classifier null to /tunelPostgresqlApiRest-model/target/classes
2023-02-02 09:48:05,593 [Worker-5: Launching ServerApplication] INFO  o.e.m.c.i.p.WorkspaceClassifierResolverManager - Resolving P/tunelPostgresqlApiRest-ws: com.ontimize:tunelPostgresqlApiRest-ws:1.0.0-SNAPSHOT with classifier null to /tunelPostgresqlApiRest-ws/target/classes
2023-02-02 09:48:09,833 [Worker-5: Launching ServerApplication] INFO  o.e.m.c.i.p.WorkspaceClassifierResolverManager - Resolving P/tunelPostgresqlApiRest-api: com.ontimize:tunelPostgresqlApiRest-api:1.0.0-SNAPSHOT with classifier null to /tunelPostgresqlApiRest-api/target/classes
2023-02-02 09:48:09,847 [Worker-5: Launching ServerApplication] INFO  o.e.m.c.i.p.WorkspaceClassifierResolverManager - Resolving P/tunelPostgresqlApiRest-model: com.ontimize:tunelPostgresqlApiRest-model:1.0.0-SNAPSHOT with classifier null to /tunelPostgresqlApiRest-model/target/classes
2023-02-02 09:48:09,851 [Worker-5: Launching ServerApplication] INFO  o.e.m.c.i.p.WorkspaceClassifierResolverManager - Resolving P/tunelPostgresqlApiRest-ws: com.ontimize:tunelPostgresqlApiRest-ws:1.0.0-SNAPSHOT with classifier null to /tunelPostgresqlApiRest-ws/target/classes
